         83757 function calls (80757 primitive calls) in 0.412 seconds

   Ordered by: cumulative time

   ncalls  tottime  percall  cumtime  percall filename:lineno(function)
    192/1    0.003    0.000    0.412    0.412 {built-in method builtins.exec}
        1    0.000    0.000    0.412    0.412 patch.py:1(<module>)
   222/11    0.004    0.000    0.411    0.037 <frozen importlib._bootstrap>:978(_find_and_load)
   222/11    0.002    0.000    0.411    0.037 <frozen importlib._bootstrap>:948(_find_and_load_unlocked)
   213/12    0.003    0.000    0.403    0.034 <frozen importlib._bootstrap>:663(_load_unlocked)
   180/12    0.002    0.000    0.402    0.033 <frozen importlib._bootstrap_external>:722(exec_module)
   299/12    0.001    0.000    0.399    0.033 <frozen importlib._bootstrap>:211(_call_with_frames_removed)
       12    0.001    0.000    0.270    0.022 __init__.py:1(<module>)
  958/179    0.004    0.000    0.257    0.001 <frozen importlib._bootstrap>:1009(_handle_fromlist)
   330/22    0.001    0.000    0.256    0.012 {built-in method builtins.__import__}
        1    0.000    0.000    0.229    0.229 __init__.py:106(<module>)
      180    0.005    0.000    0.101    0.001 <frozen importlib._bootstrap_external>:793(get_code)
      219    0.005    0.000    0.066    0.000 <frozen importlib._bootstrap>:882(_find_spec)
      179    0.002    0.000    0.058    0.000 <frozen importlib._bootstrap_external>:523(_compile_bytecode)
      201    0.001    0.000    0.056    0.000 <frozen importlib._bootstrap_external>:1272(find_spec)
      179    0.055    0.000    0.055    0.000 {built-in method marshal.loads}
      201    0.003    0.000    0.055    0.000 <frozen importlib._bootstrap_external>:1240(_get_spec)
  213/211    0.001    0.000    0.054    0.000 <frozen importlib._bootstrap>:576(module_from_spec)
      366    0.012    0.000    0.047    0.000 <frozen importlib._bootstrap_external>:1356(find_spec)
      145    0.001    0.000    0.044    0.000 re.py:271(_compile)
       35    0.000    0.000    0.042    0.001 re.py:232(compile)
       34    0.001    0.000    0.042    0.001 sre_compile.py:759(compile)
        1    0.000    0.000    0.039    0.039 __init__.py:91(<module>)
        2    0.000    0.000    0.037    0.019 __init__.py:45(<module>)
        1    0.000    0.000    0.036    0.036 __init__.py:7(<module>)
       15    0.000    0.000    0.034    0.002 <frozen importlib._bootstrap_external>:1040(create_module)
       15    0.029    0.002    0.033    0.002 {built-in method _imp.create_dynamic}
  410/407    0.016    0.000    0.030    0.000 {built-in method builtins.__build_class__}
        1    0.001    0.001    0.029    0.029 numeric.py:1(<module>)
        1    0.000    0.000    0.026    0.026 __init__.py:37(<module>)
        1    0.000    0.000    0.024    0.024 index_tricks.py:1(<module>)
      181    0.007    0.000    0.022    0.000 <frozen importlib._bootstrap_external>:914(get_data)
       34    0.000    0.000    0.020    0.001 sre_compile.py:598(_code)
       34    0.000    0.000    0.020    0.001 sre_parse.py:919(parse)
    73/34    0.001    0.000    0.019    0.001 sre_parse.py:417(_parse_sub)
   111/52    0.006    0.000    0.019    0.000 sre_parse.py:475(_parse)
        1    0.000    0.000    0.018    0.018 __init__.py:24(<module>)
     1978    0.007    0.000    0.018    0.000 <frozen importlib._bootstrap_external>:56(_path_join)
        1    0.000    0.000    0.018    0.018 sockets.py:3(<module>)
        7    0.000    0.000    0.017    0.002 enum.py:633(_convert)
        1    0.000    0.000    0.017    0.017 __init__.py:41(<module>)
        2    0.000    0.000    0.017    0.008 utils.py:1(<module>)
        1    0.000    0.000    0.016    0.016 socket.py:47(<module>)
      213    0.003    0.000    0.016    0.000 <frozen importlib._bootstrap>:504(_init_module_attrs)
        1    0.000    0.000    0.016    0.016 multiarray.py:7(<module>)
        1    0.000    0.000    0.015    0.015 encoderH.py:2(<module>)
      181    0.015    0.000    0.015    0.000 {method 'read' of '_io.FileIO' objects}
   182/34    0.004    0.000    0.015    0.000 sre_compile.py:71(_compile)
        1    0.000    0.000    0.014    0.014 tempfile.py:24(<module>)
        1    0.000    0.000    0.014    0.014 overrides.py:1(<module>)
      851    0.002    0.000    0.014    0.000 <frozen importlib._bootstrap_external>:74(_path_stat)
        1    0.000    0.000    0.013    0.013 __init__.py:15(<module>)
      851    0.012    0.000    0.012    0.000 {built-in method posix.stat}
        1    0.000    0.000    0.012    0.012 __init__.py:3(<module>)
        1    0.000    0.000    0.012    0.012 main.py:1(<module>)
        1    0.000    0.000    0.012    0.012 redis.py:1(<module>)
        1    0.000    0.000    0.012    0.012 _internal.py:6(<module>)
       91    0.000    0.000    0.011    0.000 enum.py:284(__call__)
      360    0.004    0.000    0.011    0.000 <frozen importlib._bootstrap_external>:271(cache_from_source)
        1    0.000    0.000    0.011    0.011 defmatrix.py:1(<module>)
       77    0.008    0.000    0.010    0.000 sre_compile.py:276(_optimize_charset)
        1    0.000    0.000    0.010    0.010 _add_newdocs.py:10(<module>)
        7    0.000    0.000    0.010    0.001 enum.py:389(_create_)
        1    0.000    0.000    0.010    0.010 __init__.py:97(<module>)
        2    0.000    0.000    0.010    0.005 decoder.py:2(<module>)
        1    0.000    0.000    0.010    0.010 pathlib.py:1(<module>)
        1    0.000    0.000    0.009    0.009 backend.py:1(<module>)
     1978    0.006    0.000    0.009    0.000 <frozen importlib._bootstrap_external>:58(<listcomp>)
        1    0.000    0.000    0.009    0.009 shutil.py:5(<module>)
        1    0.001    0.001    0.009    0.009 core.py:21(<module>)
        1    0.000    0.000    0.009    0.009 hashlib.py:54(<module>)
        1    0.000    0.000    0.009    0.009 portalocker.py:1(<module>)
      277    0.002    0.000    0.009    0.000 function_base.py:431(add_newdoc)
        1    0.000    0.000    0.009    0.009 __init__.py:2(<module>)
      375    0.001    0.000    0.008    0.000 <frozen importlib._bootstrap>:403(cached)
        1    0.000    0.000    0.008    0.008 ports.py:3(<module>)
        8    0.003    0.000    0.008    0.001 enum.py:135(__new__)
        2    0.000    0.000    0.008    0.004 function_base.py:1(<module>)
        1    0.000    0.000    0.008    0.008 traceback.py:1(<module>)
      195    0.001    0.000    0.008    0.000 <frozen importlib._bootstrap_external>:369(_get_cached)
        1    0.000    0.000    0.007    0.007 runner.py:1(<module>)
        1    0.000    0.000    0.007    0.007 parser.py:6(<module>)
      222    0.001    0.000    0.007    0.000 <frozen importlib._bootstrap>:147(__enter__)
        1    0.001    0.001    0.007    0.007 numerictypes.py:81(<module>)
        7    0.001    0.000    0.007    0.001 enum.py:654(<listcomp>)
        1    0.000    0.000    0.007    0.007 typing.py:19(<module>)
        1    0.000    0.000    0.007    0.007 linecache.py:6(<module>)
      269    0.001    0.000    0.006    0.000 <frozen importlib._bootstrap>:194(_lock_unlock_module)
        1    0.000    0.000    0.006    0.006 signals.py:1(<module>)
       12    0.004    0.000    0.006    0.001 __init__.py:316(namedtuple)
      491    0.004    0.000    0.006    0.000 <frozen importlib._bootstrap>:157(_get_module_lock)
        1    0.000    0.000    0.006    0.006 case.py:1(<module>)
     3209    0.006    0.000    0.006    0.000 {built-in method builtins.hasattr}
      279    0.001    0.000    0.006    0.000 <frozen importlib._bootstrap_external>:93(_path_isfile)
      305    0.001    0.000    0.005    0.000 <frozen importlib._bootstrap_external>:84(_path_is_mode_type)
        1    0.000    0.000    0.005    0.005 pickle.py:24(<module>)
       34    0.001    0.000    0.005    0.000 sre_compile.py:536(_compile_info)
        1    0.000    0.000    0.005    0.005 signal.py:1(<module>)
        1    0.000    0.000    0.005    0.005 linalg.py:10(<module>)
        1    0.000    0.000    0.005    0.005 tokenize.py:21(<module>)
        1    0.000    0.000    0.005    0.005 npyio.py:1(<module>)
     2312    0.004    0.000    0.004    0.000 {built-in method builtins.getattr}
     5727    0.004    0.000    0.004    0.000 {built-in method builtins.isinstance}
        2    0.000    0.000    0.004    0.002 encoder.py:2(<module>)
        1    0.000    0.000    0.004    0.004 financial.py:12(<module>)
       53    0.001    0.000    0.004    0.000 typing.py:600(__init__)
      195    0.001    0.000    0.004    0.000 <frozen importlib._bootstrap_external>:1351(_get_spec)
        1    0.000    0.000    0.004    0.004 __init__.py:86(<module>)
      423    0.001    0.000    0.004    0.000 <frozen importlib._bootstrap_external>:1203(_path_importer_cache)
        1    0.000    0.000    0.004    0.004 string.py:15(<module>)
      491    0.003    0.000    0.004    0.000 <frozen importlib._bootstrap>:78(acquire)
      213    0.002    0.000    0.004    0.000 <frozen importlib._bootstrap>:318(__exit__)
     2567    0.003    0.000    0.004    0.000 {method 'join' of 'str' objects}
        1    0.000    0.000    0.004    0.004 string.py:65(__init__)
        2    0.000    0.000    0.003    0.002 scanner.py:2(<module>)
      491    0.003    0.000    0.003    0.000 <frozen importlib._bootstrap>:103(release)
     1090    0.002    0.000    0.003    0.000 sre_parse.py:164(__getitem__)
        1    0.000    0.000    0.003    0.003 decimal.py:2(<module>)
      915    0.002    0.000    0.003    0.000 sre_parse.py:254(get)
      180    0.001    0.000    0.003    0.000 <frozen importlib._bootstrap_external>:951(path_stats)
     4318    0.003    0.000    0.003    0.000 {method 'rstrip' of 'str' objects}
       38    0.000    0.000    0.003    0.000 typing.py:1190(_alias)
        1    0.000    0.000    0.003    0.003 <frozen importlib._bootstrap_external>:785(source_to_code)
        1    0.003    0.003    0.003    0.003 {built-in method builtins.compile}
        1    0.000    0.000    0.003    0.003 polynomial.py:57(<module>)
        1    0.000    0.000    0.003    0.003 getlimits.py:96(_register_known_types)
      384    0.001    0.000    0.003    0.000 typing.py:701(__setattr__)
      317    0.003    0.000    0.003    0.000 overrides.py:111(array_function_dispatch)
3102/2899    0.002    0.000    0.003    0.000 {built-in method builtins.len}
     2078    0.003    0.000    0.003    0.000 <frozen importlib._bootstrap>:222(_verbose_message)
        1    0.000    0.000    0.003    0.003 bz2.py:5(<module>)
       15    0.000    0.000    0.003    0.000 <frozen importlib._bootstrap_external>:1048(exec_module)
        1    0.000    0.000    0.003    0.003 ntpath.py:6(<module>)
      122    0.001    0.000    0.003    0.000 enum.py:70(__setitem__)
      195    0.002    0.000    0.003    0.000 <frozen importlib._bootstrap_external>:574(spec_from_file_location)
       26    0.000    0.000    0.003    0.000 <frozen importlib._bootstrap_external>:1404(_fill_cache)
      222    0.001    0.000    0.002    0.000 <frozen importlib._bootstrap>:151(__exit__)
        1    0.000    0.000    0.002    0.002 parse.py:28(<module>)
        4    0.000    0.000    0.002    0.001 warnings.py:130(filterwarnings)
       15    0.002    0.000    0.002    0.000 {built-in method _imp.exec_dynamic}
        1    0.000    0.000    0.002    0.002 histograms.py:3(<module>)
        1    0.000    0.000    0.002    0.002 _type_aliases.py:24(<module>)
       26    0.001    0.000    0.002    0.000 <frozen importlib._bootstrap_external>:1190(_path_hooks)
      180    0.001    0.000    0.002    0.000 <frozen importlib._bootstrap_external>:438(_classify_pyc)
       44    0.000    0.000    0.002    0.000 core.py:146(get_object_signature)
     3450    0.002    0.000    0.002    0.000 {method 'append' of 'list' objects}
       18    0.000    0.000    0.002    0.000 <frozen importlib._bootstrap>:740(create_module)
        1    0.000    0.000    0.002    0.002 loader.py:1(<module>)
        1    0.000    0.000    0.002    0.002 messages.py:1(<module>)
        6    0.000    0.000    0.002    0.000 getlimits.py:37(__init__)
        1    0.000    0.000    0.002    0.002 random.py:38(<module>)
        1    0.000    0.000    0.002    0.002 __init__.py:11(<module>)
   212/64    0.002    0.000    0.002    0.000 sre_parse.py:174(getwidth)
     1770    0.002    0.000    0.002    0.000 {method 'rpartition' of 'str' objects}
       18    0.002    0.000    0.002    0.000 {built-in method _imp.create_builtin}
    22/18    0.000    0.000    0.002    0.000 typing.py:245(inner)
     1194    0.002    0.000    0.002    0.000 sre_parse.py:233(__next)
        1    0.000    0.000    0.002    0.002 datetime.py:5(<module>)
        1    0.000    0.000    0.002    0.002 __init__.py:10(<module>)
      360    0.001    0.000    0.002    0.000 <frozen importlib._bootstrap_external>:62(_path_split)
       26    0.000    0.000    0.002    0.000 core.py:6567(__init__)
        1    0.000    0.000    0.002    0.002 fftpack.py:32(<module>)
       26    0.002    0.000    0.002    0.000 {built-in method posix.listdir}
      228    0.001    0.000    0.002    0.000 {built-in method builtins.any}
       53    0.001    0.000    0.002    0.000 core.py:892(__init__)
       26    0.000    0.000    0.002    0.000 core.py:6572(getdoc)
      169    0.002    0.000    0.002    0.000 {built-in method __new__ of type object at 0x3cc514}
     1987    0.002    0.000    0.002    0.000 {method 'startswith' of 'str' objects}
       26    0.000    0.000    0.002    0.000 abc.py:125(__new__)
      180    0.001    0.000    0.002    0.000 <frozen importlib._bootstrap_external>:471(_validate_timestamp_pyc)
      539    0.001    0.000    0.002    0.000 <frozen importlib._bootstrap_external>:51(_r_long)
      221    0.001    0.000    0.002    0.000 <frozen importlib._bootstrap>:176(cb)
        8    0.001    0.000    0.002    0.000 enum.py:177(<setcomp>)
        1    0.000    0.000    0.002    0.002 fromnumeric.py:3(<module>)
       26    0.000    0.000    0.002    0.000 <frozen importlib._bootstrap_external>:1445(path_hook_for_FileFinder)
        1    0.000    0.000    0.002    0.002 pickle.py:181(<listcomp>)
      418    0.001    0.000    0.002    0.000 {built-in method builtins.setattr}
        1    0.000    0.000    0.002    0.002 lzma.py:9(<module>)
        1    0.000    0.000    0.002    0.002 checks.py:1(<module>)
        1    0.000    0.000    0.002    0.002 utils.py:348(BoundedSemaphore)
      621    0.001    0.000    0.002    0.000 <frozen importlib._bootstrap>:859(__exit__)
      621    0.001    0.000    0.002    0.000 <frozen importlib._bootstrap>:855(__enter__)
      480    0.001    0.000    0.002    0.000 <frozen importlib._bootstrap>:416(parent)
      102    0.000    0.000    0.002    0.000 re.py:170(match)
        1    0.000    0.000    0.001    0.001 extras.py:10(<module>)
      221    0.001    0.000    0.001    0.000 <frozen importlib._bootstrap>:58(__init__)
        1    0.000    0.000    0.001    0.001 result.py:1(<module>)
      384    0.001    0.000    0.001    0.000 typing.py:587(_is_dunder)
        1    0.000    0.000    0.001    0.001 difflib.py:27(<module>)
        1    0.000    0.000    0.001    0.001 selectors.py:5(<module>)
        1    0.000    0.000    0.001    0.001 meta.py:12(<module>)
      219    0.000    0.000    0.001    0.000 <frozen importlib._bootstrap>:719(find_spec)
       39    0.001    0.000    0.001    0.000 _inspect.py:142(formatargspec)
        1    0.000    0.000    0.001    0.001 constants.py:16(<module>)
      365    0.001    0.000    0.001    0.000 socket.py:86(<lambda>)
     1333    0.001    0.000    0.001    0.000 {built-in method _imp.acquire_lock}
        1    0.000    0.000    0.001    0.001 polynomial.py:4(<module>)
      158    0.001    0.000    0.001    0.000 enum.py:376(__setattr__)
        1    0.000    0.000    0.001    0.001 ctypeslib.py:51(<module>)
      364    0.001    0.000    0.001    0.000 socket.py:81(<lambda>)
      366    0.001    0.000    0.001    0.000 socket.py:91(<lambda>)
      363    0.001    0.000    0.001    0.000 socket.py:76(<lambda>)
       19    0.000    0.000    0.001    0.000 _add_newdocs.py:6819(add_newdoc_for_scalar_type)
        1    0.000    0.000    0.001    0.001 argparse.py:62(<module>)
        1    0.000    0.000    0.001    0.001 type_check.py:3(<module>)
        4    0.000    0.000    0.001    0.000 core.py:123(doc_note)
        1    0.000    0.000    0.001    0.001 arrayprint.py:5(<module>)
     1333    0.001    0.000    0.001    0.000 {built-in method _imp.release_lock}
       25    0.000    0.000    0.001    0.000 sre_compile.py:411(_mk_bitmap)
        1    0.000    0.000    0.001    0.001 utils.py:4(<module>)
        4    0.000    0.000    0.001    0.000 re.py:205(split)
        1    0.000    0.000    0.001    0.001 tempfile.py:426(gettempdir)
       30    0.000    0.000    0.001    0.000 getlimits.py:43(<lambda>)
       30    0.000    0.000    0.001    0.000 sre_parse.py:96(closegroup)
        1    0.000    0.000    0.001    0.001 tempfile.py:325(_get_default_tempdir)
        2    0.000    0.000    0.001    0.001 version.py:1(<module>)
       51    0.000    0.000    0.001    0.000 _internal.py:840(_ufunc_doc_signature_formatter)
       34    0.001    0.000    0.001    0.000 functools.py:37(update_wrapper)
      307    0.001    0.000    0.001    0.000 {method 'format' of 'str' objects}
      501    0.001    0.000    0.001    0.000 sre_parse.py:249(match)
     1531    0.001    0.000    0.001    0.000 {method 'isupper' of 'str' objects}
     10/6    0.000    0.000    0.001    0.000 typing.py:337(__getitem__)
       26    0.000    0.000    0.001    0.000 <frozen importlib._bootstrap_external>:1319(__init__)
        1    0.000    0.000    0.001    0.001 __init__.py:21(<module>)
       27    0.000    0.000    0.001    0.000 core.py:919(__init__)
      180    0.001    0.000    0.001    0.000 <frozen importlib._bootstrap_external>:401(_check_name_wrapper)
      998    0.001    0.000    0.001    0.000 {built-in method _thread.get_ident}
      381    0.001    0.000    0.001    0.000 sre_parse.py:160(__len__)
        1    0.000    0.000    0.001    0.001 ctypeslib.py:367(_get_scalar_type_map)
       34    0.000    0.000    0.001    0.000 enum.py:836(__and__)
        1    0.000    0.000    0.001    0.001 ctypeslib.py:378(<dictcomp>)
       44    0.000    0.000    0.001    0.000 _inspect.py:98(getargspec)
       18    0.000    0.000    0.001    0.000 core.py:995(__init__)
      336    0.001    0.000    0.001    0.000 sre_parse.py:172(append)
      292    0.001    0.000    0.001    0.000 {method 'strip' of 'str' objects}
      106    0.001    0.000    0.001    0.000 {built-in method numpy.array}
       84    0.000    0.000    0.001    0.000 enum.py:526(__new__)
      201    0.000    0.000    0.001    0.000 <frozen importlib._bootstrap>:792(find_spec)
      723    0.001    0.000    0.001    0.000 {method 'get' of 'dict' objects}
        1    0.000    0.000    0.001    0.001 defchararray.py:17(<module>)
      437    0.001    0.000    0.001    0.000 {method 'endswith' of 'str' objects}
        8    0.000    0.000    0.001    0.000 enum.py:830(__or__)
       14    0.000    0.000    0.001    0.000 hashlib.py:116(__get_openssl_constructor)
        4    0.000    0.000    0.001    0.000 textwrap.py:414(dedent)
        1    0.000    0.000    0.001    0.001 ast.py:26(<module>)
      848    0.001    0.000    0.001    0.000 <frozen importlib._bootstrap>:321(<genexpr>)
        1    0.000    0.000    0.001    0.001 threading.py:1(<module>)
       77    0.000    0.000    0.001    0.000 sre_compile.py:249(_compile_charset)
       66    0.000    0.000    0.001    0.000 sre_compile.py:423(_simple)
       30    0.000    0.000    0.001    0.000 getlimits.py:42(<lambda>)
       25    0.001    0.000    0.001    0.000 sre_compile.py:413(<listcomp>)
      146    0.000    0.000    0.001    0.000 {method 'extend' of 'list' objects}
      539    0.001    0.000    0.001    0.000 {built-in method from_bytes}
        9    0.000    0.000    0.001    0.000 datetime.py:473(__new__)
        1    0.000    0.000    0.001    0.001 _type_aliases.py:115(_add_aliases)
      233    0.000    0.000    0.001    0.000 sre_parse.py:286(tell)
        1    0.000    0.000    0.001    0.001 numbers.py:6(<module>)
        8    0.000    0.000    0.001    0.000 hashlib.py:73(__get_builtin_constructor)
        4    0.000    0.000    0.001    0.000 typing.py:816(__class_getitem__)
       26    0.000    0.000    0.001    0.000 <frozen importlib._bootstrap_external>:98(_path_isdir)
       10    0.000    0.000    0.001    0.000 extras.py:238(__init__)
        4    0.000    0.000    0.001    0.000 enum.py:793(_missing_)
      562    0.001    0.000    0.001    0.000 {built-in method posix.fspath}
        4    0.000    0.000    0.001    0.000 re.py:185(sub)
      444    0.001    0.000    0.001    0.000 {built-in method builtins.min}
      219    0.001    0.000    0.001    0.000 <frozen importlib._bootstrap>:369(__init__)
        4    0.000    0.000    0.001    0.000 enum.py:800(_create_pseudo_member_)
        1    0.000    0.000    0.001    0.001 __init__.py:259(_reset_cache)
      180    0.001    0.000    0.001    0.000 <frozen importlib._bootstrap>:35(_new_module)
       10    0.000    0.000    0.001    0.000 extras.py:242(getdoc)
      104    0.000    0.000    0.001    0.000 enum.py:18(_is_descriptor)
       17    0.000    0.000    0.001    0.000 {built-in method builtins.next}
       59    0.001    0.000    0.001    0.000 {built-in method posix.getcwd}
       57    0.000    0.000    0.001    0.000 sre_parse.py:295(_class_escape)
      447    0.001    0.000    0.001    0.000 {built-in method _thread.allocate_lock}
        1    0.000    0.000    0.000    0.000 _string_helpers.py:5(<module>)
        4    0.000    0.000    0.000    0.000 numeric.py:3083(extend_all)
       58    0.000    0.000    0.000    0.000 typing.py:162(_collect_type_vars)
        1    0.000    0.000    0.000    0.000 _iotools.py:3(<module>)
       18    0.000    0.000    0.000    0.000 <frozen importlib._bootstrap>:433(spec_from_loader)
       57    0.000    0.000    0.000    0.000 sre_parse.py:343(_escape)
      213    0.000    0.000    0.000    0.000 <frozen importlib._bootstrap>:311(__enter__)
        1    0.000    0.000    0.000    0.000 _string_helpers.py:9(<listcomp>)
        1    0.000    0.000    0.000    0.000 tempfile.py:292(__next__)
        1    0.000    0.000    0.000    0.000 util.py:1(<module>)
        2    0.000    0.000    0.000    0.000 shape_base.py:1(<module>)
        3    0.000    0.000    0.000    0.000 typing.py:618(__getitem__)
       26    0.000    0.000    0.000    0.000 {built-in method _abc._abc_init}
       15    0.000    0.000    0.000    0.000 arrayprint.py:1499(_array_str_implementation)
       76    0.000    0.000    0.000    0.000 {built-in method _imp.is_builtin}
      298    0.000    0.000    0.000    0.000 {built-in method numpy.core._multiarray_umath.add_docstring}
        4    0.000    0.000    0.000    0.000 enum.py:872(_decompose)
        3    0.000    0.000    0.000    0.000 tokenize.py:132(_all_string_prefixes)
       39    0.000    0.000    0.000    0.000 _inspect.py:67(getargs)
        1    0.000    0.000    0.000    0.000 nanfunctions.py:22(<module>)
      122    0.000    0.000    0.000    0.000 enum.py:26(_is_dunder)
       10    0.000    0.000    0.000    0.000 contextlib.py:210(contextmanager)
        1    0.000    0.000    0.000    0.000 mixins.py:1(<module>)
      189    0.000    0.000    0.000    0.000 sre_parse.py:111(__init__)
      267    0.000    0.000    0.000    0.000 {method 'find' of 'bytearray' objects}
        1    0.000    0.000    0.000    0.000 getlimits.py:3(<module>)
      213    0.000    0.000    0.000    0.000 <frozen importlib._bootstrap>:307(__init__)
      179    0.000    0.000    0.000    0.000 {built-in method _imp._fix_co_filename}
        8    0.000    0.000    0.000    0.000 core.py:8007(__init__)
      222    0.000    0.000    0.000    0.000 <frozen importlib._bootstrap>:143(__init__)
        1    0.000    0.000    0.000    0.000 utils.py:110(LockBase)
        1    0.000    0.000    0.000    0.000 core.py:6265(__new__)
      122    0.000    0.000    0.000    0.000 enum.py:34(_is_sunder)
        1    0.000    0.000    0.000    0.000 _compat_pickle.py:9(<module>)
        1    0.000    0.000    0.000    0.000 records.py:36(<module>)
        1    0.000    0.000    0.000    0.000 struct.py:3(<module>)
       16    0.000    0.000    0.000    0.000 _type_aliases.py:79(bitname)
       34    0.000    0.000    0.000    0.000 sre_parse.py:224(__init__)
      180    0.000    0.000    0.000    0.000 <frozen importlib._bootstrap_external>:884(__init__)
       73    0.000    0.000    0.000    0.000 signal.py:10(<lambda>)
       36    0.000    0.000    0.000    0.000 getlimits.py:41(<lambda>)
        8    0.000    0.000    0.000    0.000 enum.py:125(__prepare__)
      317    0.000    0.000    0.000    0.000 overrides.py:146(decorator)
      201    0.000    0.000    0.000    0.000 {built-in method _imp.is_frozen}
       23    0.000    0.000    0.000    0.000 enum.py:442(_get_mixins_)
        1    0.000    0.000    0.000    0.000 chebyshev.py:89(<module>)
        8    0.000    0.000    0.000    0.000 core.py:8012(getdoc)
       15    0.000    0.000    0.000    0.000 arrayprint.py:463(wrapper)
      357    0.000    0.000    0.000    0.000 {built-in method builtins.chr}
        1    0.000    0.000    0.000    0.000 meta.py:441(_add_builtin_meta_specs)
       30    0.000    0.000    0.000    0.000 sre_parse.py:84(opengroup)
       53    0.000    0.000    0.000    0.000 sre_parse.py:408(_uniq)
        1    0.000    0.000    0.000    0.000 mixins.py:63(NDArrayOperatorsMixin)
    36/30    0.000    0.000    0.000    0.000 sre_compile.py:461(_get_literal_prefix)
        2    0.000    0.000    0.000    0.000 random.py:88(__init__)
        1    0.000    0.000    0.000    0.000 tempfile.py:281(rng)
      366    0.000    0.000    0.000    0.000 <frozen importlib._bootstrap_external>:40(_relax_case)
        2    0.000    0.000    0.000    0.000 random.py:97(seed)
        4    0.000    0.000    0.000    0.000 typing.py:238(_tp_cache)
        3    0.000    0.000    0.000    0.000 typing.py:177(_subs_tvars)
        1    0.000    0.000    0.000    0.000 hermite.py:60(<module>)
        1    0.000    0.000    0.000    0.000 legendre.py:83(<module>)
        6    0.000    0.000    0.000    0.000 core.py:1144(__init__)
        1    0.000    0.000    0.000    0.000 hermite_e.py:60(<module>)
        1    0.000    0.000    0.000    0.000 _polybase.py:8(<module>)
        1    0.000    0.000    0.000    0.000 laguerre.py:60(<module>)
        8    0.000    0.000    0.000    0.000 enum.py:474(_find_new_)
      128    0.000    0.000    0.000    0.000 sre_parse.py:81(groups)
       13    0.000    0.000    0.000    0.000 _dtype_ctypes.py:97(dtype_from_ctypes_type)
       30    0.000    0.000    0.000    0.000 getlimits.py:27(_fr1)
        2    0.000    0.000    0.000    0.000 {function Random.seed at 0xb6256b70}
       26    0.000    0.000    0.000    0.000 typing.py:110(_type_check)
        2    0.000    0.000    0.000    0.000 typing.py:1168(__class_getitem__)
      359    0.000    0.000    0.000    0.000 {built-in method builtins.ord}
        3    0.000    0.000    0.000    0.000 typing.py:630(copy_with)
        1    0.000    0.000    0.000    0.000 token.py:1(<module>)
        4    0.000    0.000    0.000    0.000 enum.py:890(<listcomp>)
        9    0.000    0.000    0.000    0.000 abc.py:130(register)
        1    0.000    0.000    0.000    0.000 polyutils.py:45(<module>)
       11    0.000    0.000    0.000    0.000 {method 'sort' of 'list' objects}
        1    0.000    0.000    0.000    0.000 core.py:2710(MaskedArray)
       14    0.000    0.000    0.000    0.000 __init__.py:139(_check_size)
        1    0.000    0.000    0.000    0.000 suite.py:1(<module>)
        1    0.000    0.000    0.000    0.000 typing.py:1449(IO)
        1    0.000    0.000    0.000    0.000 _type_aliases.py:246(_set_array_types)
        1    0.000    0.000    0.000    0.000 os.py:40(_get_exports_list)
        1    0.000    0.000    0.000    0.000 midifiles.py:16(<module>)
      365    0.000    0.000    0.000    0.000 {built-in method builtins.globals}
        6    0.000    0.000    0.000    0.000 functools.py:479(decorating_function)
        1    0.000    0.000    0.000    0.000 loader.py:66(TestLoader)
        1    0.000    0.000    0.000    0.000 specs.py:7(<module>)
        4    0.000    0.000    0.000    0.000 {method 'split' of 're.Pattern' objects}
        9    0.000    0.000    0.000    0.000 {built-in method _abc._abc_register}
        1    0.000    0.000    0.000    0.000 ufunclike.py:5(<module>)
        3    0.000    0.000    0.000    0.000 __init__.py:73(CFUNCTYPE)
       10    0.000    0.000    0.000    0.000 typing.py:841(__init_subclass__)
      4/3    0.000    0.000    0.000    0.000 {method 'view' of 'numpy.ndarray' objects}
        1    0.000    0.000    0.000    0.000 token.py:78(<dictcomp>)
       67    0.000    0.000    0.000    0.000 {method 'update' of 'dict' objects}
        1    0.000    0.000    0.000    0.000 bisect.py:1(<module>)
       62    0.000    0.000    0.000    0.000 _inspect.py:146(<lambda>)
        1    0.000    0.000    0.000    0.000 __init__.py:113(set_backend)
       60    0.000    0.000    0.000    0.000 {method 'copy' of 'numpy.ndarray' objects}
       27    0.000    0.000    0.000    0.000 sre_compile.py:492(_get_charset_prefix)
        1    0.000    0.000    0.000    0.000 _datasource.py:35(<module>)
        1    0.000    0.000    0.000    0.000 twodim_base.py:3(<module>)
        1    0.000    0.000    0.000    0.000 _compression.py:1(<module>)
        1    0.000    0.000    0.000    0.000 scimath.py:17(<module>)
       57    0.000    0.000    0.000    0.000 types.py:164(__get__)
       13    0.000    0.000    0.000    0.000 mixins.py:48(_numeric_methods)
       68    0.000    0.000    0.000    0.000 sre_compile.py:595(isstring)
       78    0.000    0.000    0.000    0.000 _internal.py:851(<genexpr>)
       30    0.000    0.000    0.000    0.000 getlimits.py:19(_fr0)
        3    0.000    0.000    0.000    0.000 {built-in method builtins.dir}
        2    0.000    0.000    0.000    0.000 core.py:2931(__array_finalize__)
        1    0.000    0.000    0.000    0.000 _endian.py:1(<module>)
        1    0.000    0.000    0.000    0.000 pprint.py:35(<module>)
       16    0.000    0.000    0.000    0.000 _type_aliases.py:66(_bits_of)
      213    0.000    0.000    0.000    0.000 <frozen importlib._bootstrap>:424(has_location)
       17    0.000    0.000    0.000    0.000 meta.py:424(add_meta_spec)
       23    0.000    0.000    0.000    0.000 enum.py:453(_find_data_type)
      101    0.000    0.000    0.000    0.000 _inspect.py:133(strseq)
      208    0.000    0.000    0.000    0.000 <frozen importlib._bootstrap_external>:1325(<genexpr>)
        1    0.000    0.000    0.000    0.000 core.py:2775(__new__)
        1    0.000    0.000    0.000    0.000 exceptions.py:1(<module>)
     22/9    0.000    0.000    0.000    0.000 abc.py:141(__subclasscheck__)
      158    0.000    0.000    0.000    0.000 {method 'get' of 'mappingproxy' objects}
      239    0.000    0.000    0.000    0.000 {method 'add' of 'set' objects}
        1    0.000    0.000    0.000    0.000 typing.py:1559(TextIO)
       10    0.000    0.000    0.000    0.000 sre_compile.py:416(_bytes_to_codes)
       74    0.000    0.000    0.000    0.000 {built-in method builtins.repr}
        1    0.000    0.000    0.000    0.000 memmap.py:1(<module>)
        8    0.000    0.000    0.000    0.000 sre_parse.py:267(getuntil)
      102    0.000    0.000    0.000    0.000 {method 'match' of 're.Pattern' objects}
        1    0.000    0.000    0.000    0.000 _globals.py:17(<module>)
        1    0.000    0.000    0.000    0.000 typing.py:1545(BinaryIO)
     22/9    0.000    0.000    0.000    0.000 {built-in method _abc._abc_subclasscheck}
        1    0.000    0.000    0.000    0.000 _methods.py:5(<module>)
       34    0.000    0.000    0.000    0.000 {built-in method _sre.compile}
      180    0.000    0.000    0.000    0.000 <frozen importlib._bootstrap_external>:909(get_filename)
        1    0.000    0.000    0.000    0.000 __init__.py:195(_sanity_check)
        3    0.000    0.000    0.000    0.000 __init__.py:481(PYFUNCTYPE)
       23    0.000    0.000    0.000    0.000 overrides.py:183(decorator)
       34    0.000    0.000    0.000    0.000 sre_parse.py:903(fix_flags)
       71    0.000    0.000    0.000    0.000 sre_parse.py:168(__setitem__)
        2    0.000    0.000    0.000    0.000 __init__.py:1930(getLogger)
        1    0.000    0.000    0.000    0.000 nosetester.py:6(<module>)
        1    0.000    0.000    0.000    0.000 case.py:351(TestCase)
        1    0.000    0.000    0.000    0.000 arraysetops.py:27(<module>)
        1    0.000    0.000    0.000    0.000 umath.py:7(<module>)
        1    0.000    0.000    0.000    0.000 constants.py:42(LockFlags)
      180    0.000    0.000    0.000    0.000 <frozen importlib._bootstrap_external>:719(create_module)
        1    0.000    0.000    0.000    0.000 helper.py:4(<module>)
        2    0.000    0.000    0.000    0.000 __init__.py:1221(getLogger)
        9    0.000    0.000    0.000    0.000 typing.py:530(__init__)
        4    0.000    0.000    0.000    0.000 ufunclike.py:16(_deprecate_out_named_y)
        1    0.000    0.000    0.000    0.000 core.py:3080(view)
       18    0.000    0.000    0.000    0.000 typing.py:348(<genexpr>)
      128    0.000    0.000    0.000    0.000 {built-in method builtins.issubclass}
        1    0.000    0.000    0.000    0.000 format.py:156(<module>)
       18    0.000    0.000    0.000    0.000 <frozen importlib._bootstrap>:232(_requires_builtin_wrapper)
        1    0.000    0.000    0.000    0.000 datetime.py:2136(timezone)
        2    0.000    0.000    0.000    0.000 core.py:6448(__init__)
        1    0.000    0.000    0.000    0.000 numerictypes.py:593(_register_types)
        1    0.000    0.000    0.000    0.000 result.py:24(TestResult)
        6    0.000    0.000    0.000    0.000 numeric.py:2656(seterr)
       44    0.000    0.000    0.000    0.000 _inspect.py:15(ismethod)
        1    0.000    0.000    0.000    0.000 linalg.py:82(_determine_error_states)
        3    0.000    0.000    0.000    0.000 datetime.py:1517(__new__)
       34    0.000    0.000    0.000    0.000 _add_newdocs.py:6825(<genexpr>)
        1    0.000    0.000    0.000    0.000 threading.py:1174(__init__)
        1    0.000    0.000    0.000    0.000 midiutil.py:10(<module>)
        1    0.000    0.000    0.000    0.000 stride_tricks.py:7(<module>)
        1    0.000    0.000    0.000    0.000 tracks.py:1(<module>)
        1    0.000    0.000    0.000    0.000 {built-in method posix.open}
       18    0.000    0.000    0.000    0.000 <frozen importlib._bootstrap>:748(exec_module)
        1    0.000    0.000    0.000    0.000 tokenizer.py:1(<module>)
        1    0.000    0.000    0.000    0.000 typing.py:290(_SpecialForm)
        1    0.000    0.000    0.000    0.000 tempfile.py:298(_candidate_tempdir_list)
       12    0.000    0.000    0.000    0.000 sre_parse.py:258(getwhile)
        1    0.000    0.000    0.000    0.000 _add_newdocs.py:6783(numeric_type_aliases)
        2    0.000    0.000    0.000    0.000 arrayprint.py:460(decorating_function)
        1    0.000    0.000    0.000    0.000 tempfile.py:295(<listcomp>)
       36    0.000    0.000    0.000    0.000 _string_helpers.py:16(english_lower)
        7    0.000    0.000    0.000    0.000 os.py:673(__getitem__)
        1    0.000    0.000    0.000    0.000 core.py:6283(__array_finalize__)
        5    0.000    0.000    0.000    0.000 _collections_abc.py:657(get)
        1    0.000    0.000    0.000    0.000 machar.py:7(<module>)
        1    0.000    0.000    0.000    0.000 arrayterator.py:9(<module>)
       18    0.000    0.000    0.000    0.000 specs.py:25(_defmsg)
      119    0.000    0.000    0.000    0.000 typing.py:610(<genexpr>)
        3    0.000    0.000    0.000    0.000 result.py:12(failfast)
        1    0.000    0.000    0.000    0.000 py3k.py:4(<module>)
        6    0.000    0.000    0.000    0.000 typing.py:209(_remove_dups_flatten)
       34    0.000    0.000    0.000    0.000 sre_parse.py:76(__init__)
       87    0.000    0.000    0.000    0.000 abc.py:7(abstractmethod)
      113    0.000    0.000    0.000    0.000 {method 'setdefault' of 'dict' objects}
        8    0.000    0.000    0.000    0.000 core.py:2551(_arraymethod)
       30    0.000    0.000    0.000    0.000 _type_aliases.py:238(_add_array_type)
       77    0.000    0.000    0.000    0.000 overrides.py:104(decorator)
       38    0.000    0.000    0.000    0.000 {method 'replace' of 'str' objects}
        8    0.000    0.000    0.000    0.000 {method 'sub' of 're.Pattern' objects}
        2    0.000    0.000    0.000    0.000 {built-in method _ctypes.POINTER}
        3    0.000    0.000    0.000    0.000 numeric.py:3058(__enter__)
       44    0.000    0.000    0.000    0.000 _inspect.py:28(isfunction)
        1    0.000    0.000    0.000    0.000 polynomial.py:1614(Polynomial)
        1    0.000    0.000    0.000    0.000 arraypad.py:5(<module>)
       77    0.000    0.000    0.000    0.000 overrides.py:93(set_module)
        1    0.000    0.000    0.000    0.000 os.py:44(<listcomp>)
        1    0.000    0.000    0.000    0.000 einsumfunc.py:4(<module>)
       63    0.000    0.000    0.000    0.000 sre_compile.py:453(_get_iscased)
       13    0.000    0.000    0.000    0.000 _dtype_ctypes.py:69(_from_ctypes_scalar)
        1    0.000    0.000    0.000    0.000 numerictypes.py:445(_construct_lookups)
        1    0.000    0.000    0.000    0.000 {built-in method posix.unlink}
        8    0.000    0.000    0.000    0.000 random.py:256(choice)
        1    0.000    0.000    0.000    0.000 __future__.py:48(<module>)
       39    0.000    0.000    0.000    0.000 _inspect.py:43(iscode)
       24    0.000    0.000    0.000    0.000 tokenize.py:143(<listcomp>)
       16    0.000    0.000    0.000    0.000 _add_newdocs.py:6784(type_aliases_gen)
        1    0.000    0.000    0.000    0.000 typing.py:784(Generic)
      104    0.000    0.000    0.000    0.000 {method 'items' of 'collections.OrderedDict' objects}
       14    0.000    0.000    0.000    0.000 _string_helpers.py:72(english_capitalize)
        1    0.000    0.000    0.000    0.000 __init__.py:332(__init__)
       43    0.000    0.000    0.000    0.000 sre_compile.py:65(_combine_flags)
        5    0.000    0.000    0.000    0.000 warnings.py:181(_add_filter)
        1    0.000    0.000    0.000    0.000 decode.py:1(<module>)
        1    0.000    0.000    0.000    0.000 typing.py:591(_GenericAlias)
      100    0.000    0.000    0.000    0.000 enum.py:659(<lambda>)
       13    0.000    0.000    0.000    0.000 os.py:751(encode)
       53    0.000    0.000    0.000    0.000 {method 'split' of 'str' objects}
        1    0.000    0.000    0.000    0.000 _pytesttester.py:29(<module>)
        1    0.000    0.000    0.000    0.000 _polybase.py:19(ABCPolyBase)
       20    0.000    0.000    0.000    0.000 mixins.py:20(_binary_method)
        2    0.000    0.000    0.000    0.000 core.py:2905(_update_from)
        1    0.000    0.000    0.000    0.000 _version.py:7(<module>)
        1    0.000    0.000    0.000    0.000 _dtype.py:5(<module>)
       25    0.000    0.000    0.000    0.000 {method 'translate' of 'bytearray' objects}
       51    0.000    0.000    0.000    0.000 {method 'translate' of 'str' objects}
        1    0.000    0.000    0.000    0.000 _type_aliases.py:154(_add_integer_aliases)
       35    0.000    0.000    0.000    0.000 datetime.py:379(_check_int_field)
        1    0.000    0.000    0.000    0.000 typing.py:737(_VariadicGenericAlias)
       91    0.000    0.000    0.000    0.000 {built-in method _sre.unicode_iscased}
        1    0.000    0.000    0.000    0.000 pickle.py:1021(_Unpickler)
        5    0.000    0.000    0.000    0.000 datetime.py:396(_check_date_fields)
        5    0.000    0.000    0.000    0.000 typing.py:677(__mro_entries__)
        1    0.000    0.000    0.000    0.000 __config__.py:3(<module>)
        1    0.000    0.000    0.000    0.000 fnmatch.py:11(<module>)
       20    0.000    0.000    0.000    0.000 tokenize.py:107(group)
        1    0.000    0.000    0.000    0.000 specs.py:63(_make_spec_lookups)
        6    0.000    0.000    0.000    0.000 typing.py:626(<genexpr>)
       28    0.000    0.000    0.000    0.000 functools.py:67(wraps)
       57    0.000    0.000    0.000    0.000 __init__.py:388(<genexpr>)
        5    0.000    0.000    0.000    0.000 datetime.py:409(_check_time_fields)
        8    0.000    0.000    0.000    0.000 enum.py:335(__getattr__)
        1    0.000    0.000    0.000    0.000 _iotools.py:493(StringConverter)
       13    0.000    0.000    0.000    0.000 mixins.py:40(_inplace_binary_method)
        2    0.000    0.000    0.000    0.000 utils.py:75(__call__)
       27    0.000    0.000    0.000    0.000 _add_newdocs.py:6824(<genexpr>)
       32    0.000    0.000    0.000    0.000 _type_aliases.py:68(<genexpr>)
        1    0.000    0.000    0.000    0.000 pathlib.py:118(_WindowsFlavour)
        2    0.000    0.000    0.000    0.000 utils.py:118(deprecate)
        2    0.000    0.000    0.000    0.000 datetime.py:1187(__new__)
        3    0.000    0.000    0.000    0.000 os.py:769(getenv)
        8    0.000    0.000    0.000    0.000 enum.py:152(<dictcomp>)
       71    0.000    0.000    0.000    0.000 {built-in method _sre.unicode_tolower}
        1    0.000    0.000    0.000    0.000 decorators.py:15(<module>)
        1    0.000    0.000    0.000    0.000 argparse.py:161(HelpFormatter)
       55    0.000    0.000    0.000    0.000 {method 'pop' of 'dict' objects}
        3    0.000    0.000    0.000    0.000 numeric.py:3063(__exit__)
       65    0.000    0.000    0.000    0.000 {method 'isidentifier' of 'str' objects}
       57    0.000    0.000    0.000    0.000 {method '__contains__' of 'frozenset' objects}
        5    0.000    0.000    0.000    0.000 getlimits.py:497(__init__)
       85    0.000    0.000    0.000    0.000 _compat_pickle.py:167(<genexpr>)
        1    0.000    0.000    0.000    0.000 datetime.py:646(__neg__)
        1    0.000    0.000    0.000    0.000 __init__.py:1145(__init__)
        2    0.000    0.000    0.000    0.000 os.py:681(__setitem__)
        2    0.000    0.000    0.000    0.000 datetime.py:804(__new__)
        1    0.000    0.000    0.000    0.000 __init__.py:813(__init__)
        2    0.000    0.000    0.000    0.000 os.py:687(__delitem__)
       75    0.000    0.000    0.000    0.000 signal.py:22(<lambda>)
        1    0.000    0.000    0.000    0.000 pprint.py:98(PrettyPrinter)
       74    0.000    0.000    0.000    0.000 signal.py:17(<lambda>)
        1    0.000    0.000    0.000    0.000 case.py:44(_Outcome)
        8    0.000    0.000    0.000    0.000 random.py:224(_randbelow)
        3    0.000    0.000    0.000    0.000 __init__.py:1341(__init__)
        1    0.000    0.000    0.000    0.000 numeric.py:175(ones)
        8    0.000    0.000    0.000    0.000 typing.py:824(<genexpr>)
       50    0.000    0.000    0.000    0.000 {built-in method builtins.max}
        1    0.000    0.000    0.000    0.000 _type_aliases.py:95(_add_types)
        1    0.000    0.000    0.000    0.000 pathlib.py:604(PurePath)
        1    0.000    0.000    0.000    0.000 threading.py:758(__init__)
        2    0.000    0.000    0.000    0.000 __init__.py:1272(_fixupParents)
       18    0.000    0.000    0.000    0.000 {built-in method _struct.calcsize}
        1    0.000    0.000    0.000    0.000 numbers.py:32(Complex)
        6    0.000    0.000    0.000    0.000 numeric.py:2758(geterr)
        8    0.000    0.000    0.000    0.000 enum.py:64(__init__)
       51    0.000    0.000    0.000    0.000 {method 'items' of 'dict' objects}
       14    0.000    0.000    0.000    0.000 mixins.py:30(_reflected_binary_method)
        9    0.000    0.000    0.000    0.000 enum.py:907(_power_of_two)
       72    0.000    0.000    0.000    0.000 {built-in method builtins.abs}
        1    0.000    0.000    0.000    0.000 {method 'dot' of 'numpy.ndarray' objects}
       45    0.000    0.000    0.000    0.000 {built-in method builtins.divmod}
        1    0.000    0.000    0.000    0.000 pickle.py:372(_Pickler)
        4    0.000    0.000    0.000    0.000 {method 'findall' of 're.Pattern' objects}
       14    0.000    0.000    0.000    0.000 _string_helpers.py:44(english_upper)
        1    0.000    0.000    0.000    0.000 posixpath.py:376(abspath)
        1    0.000    0.000    0.000    0.000 socket.py:133(socket)
        1    0.000    0.000    0.000    0.000 defmatrix.py:74(matrix)
       43    0.000    0.000    0.000    0.000 {method 'items' of 'mappingproxy' objects}
        1    0.000    0.000    0.000    0.000 backend.py:17(__init__)
        1    0.000    0.000    0.000    0.000 polynomial.py:1005(poly1d)
        1    0.000    0.000    0.000    0.000 datetime.py:1509(datetime)
        1    0.000    0.000    0.000    0.000 abc.py:1(<module>)
        2    0.000    0.000    0.000    0.000 _collections_abc.py:664(__contains__)
        1    0.000    0.000    0.000    0.000 chebyshev.py:2118(Chebyshev)
       13    0.000    0.000    0.000    0.000 typing.py:319(__hash__)
        1    0.000    0.000    0.000    0.000 threading.py:513(set)
       40    0.000    0.000    0.000    0.000 enum.py:623(name)
        1    0.000    0.000    0.000    0.000 _dtype_ctypes.py:24(<module>)
        1    0.000    0.000    0.000    0.000 typing.py:1348(__new__)
       15    0.000    0.000    0.000    0.000 <frozen importlib._bootstrap_external>:1029(__init__)
       10    0.000    0.000    0.000    0.000 {method 'tolist' of 'memoryview' objects}
       13    0.000    0.000    0.000    0.000 _internal.py:886(npy_ctypes_check)
        2    0.000    0.000    0.000    0.000 posixpath.py:75(join)
        1    0.000    0.000    0.000    0.000 encode.py:1(<module>)
        1    0.000    0.000    0.000    0.000 argparse.py:1076(_SubParsersAction)
        1    0.000    0.000    0.000    0.000 _type_aliases.py:187(_set_up_aliases)
        1    0.000    0.000    0.000    0.000 _inspect.py:7(<module>)
        6    0.000    0.000    0.000    0.000 typing.py:661(__hash__)
        1    0.000    0.000    0.000    0.000 defchararray.py:1824(chararray)
        1    0.000    0.000    0.000    0.000 warnings.py:165(simplefilter)
        1    0.000    0.000    0.000    0.000 {built-in method io.open}
        2    0.000    0.000    0.000    0.000 meta.py:29(_reverse_table)
        1    0.000    0.000    0.000    0.000 syx.py:3(<module>)
        1    0.000    0.000    0.000    0.000 compat.py:2(<module>)
        1    0.000    0.000    0.000    0.000 numbers.py:294(Integral)
        1    0.000    0.000    0.000    0.000 random.py:72(Random)
        9    0.000    0.000    0.000    0.000 {built-in method builtins.round}
        1    0.000    0.000    0.000    0.000 strings.py:1(<module>)
        1    0.000    0.000    0.000    0.000 _internal.py:239(_missing_ctypes)
        1    0.000    0.000    0.000    0.000 weakref.py:102(__init__)
        1    0.000    0.000    0.000    0.000 case.py:398(__init__)
       43    0.000    0.000    0.000    0.000 _compat_pickle.py:165(<genexpr>)
        1    0.000    0.000    0.000    0.000 numbers.py:147(Real)
        3    0.000    0.000    0.000    0.000 sre_parse.py:843(_parse_flags)
       10    0.000    0.000    0.000    0.000 {method 'cast' of 'memoryview' objects}
        1    0.000    0.000    0.000    0.000 decoder.py:16(_floatconstants)
       11    0.000    0.000    0.000    0.000 typing.py:542(<genexpr>)
       24    0.000    0.000    0.000    0.000 enum.py:198(<genexpr>)
       21    0.000    0.000    0.000    0.000 {built-in method sys._getframe}
        1    0.000    0.000    0.000    0.000 datetime.py:454(timedelta)
        1    0.000    0.000    0.000    0.000 datetime.py:774(date)
        1    0.000    0.000    0.000    0.000 bz2.py:28(BZ2File)
        1    0.000    0.000    0.000    0.000 threading.py:739(Thread)
       36    0.000    0.000    0.000    0.000 {method 'upper' of 'str' objects}
        1    0.000    0.000    0.000    0.000 tempfile.py:766(SpooledTemporaryFile)
        5    0.000    0.000    0.000    0.000 typing.py:297(__new__)
        1    0.000    0.000    0.000    0.000 argparse.py:1609(ArgumentParser)
        2    0.000    0.000    0.000    0.000 arrayprint.py:1571(set_string_function)
       34    0.000    0.000    0.000    0.000 {built-in method _ctypes.sizeof}
        1    0.000    0.000    0.000    0.000 legendre.py:1804(Legendre)
        1    0.000    0.000    0.000    0.000 hermite_e.py:1812(HermiteE)
        1    0.000    0.000    0.000    0.000 laguerre.py:1769(Laguerre)
        1    0.000    0.000    0.000    0.000 main.py:55(TestProgram)
        1    0.000    0.000    0.000    0.000 hermite.py:1819(Hermite)
        1    0.000    0.000    0.000    0.000 pathlib.py:986(Path)
        5    0.000    0.000    0.000    0.000 typing.py:196(_check_generic)
        1    0.000    0.000    0.000    0.000 threading.py:499(__init__)
       18    0.000    0.000    0.000    0.000 {built-in method _imp.exec_builtin}
        7    0.000    0.000    0.000    0.000 {built-in method numpy.seterrobj}
       23    0.000    0.000    0.000    0.000 overrides.py:179(array_function_from_dispatcher)
        3    0.000    0.000    0.000    0.000 __init__.py:212(_acquireLock)
        6    0.000    0.000    0.000    0.000 functools.py:445(lru_cache)
        1    0.000    0.000    0.000    0.000 decoder.py:456(__init__)
        1    0.000    0.000    0.000    0.000 difflib.py:751(Differ)
        1    0.000    0.000    0.000    0.000 pathlib.py:282(_PosixFlavour)
        1    0.000    0.000    0.000    0.000 __init__.py:794(_addHandlerRef)
        6    0.000    0.000    0.000    0.000 enum.py:855(_high_bit)
        3    0.000    0.000    0.000    0.000 sre_compile.py:432(_generate_overlap_table)
        1    0.000    0.000    0.000    0.000 posixpath.py:154(dirname)
        1    0.000    0.000    0.000    0.000 posixpath.py:338(normpath)
    19/18    0.000    0.000    0.000    0.000 {built-in method builtins.hash}
        1    0.000    0.000    0.000    0.000 version.py:8(_make_version_info)
        5    0.000    0.000    0.000    0.000 compat.py:40(unichr)
        1    0.000    0.000    0.000    0.000 selectors.py:290(SelectSelector)
        1    0.000    0.000    0.000    0.000 core.py:6255(MaskedConstant)
        1    0.000    0.000    0.000    0.000 pathlib.py:134(<setcomp>)
       13    0.000    0.000    0.000    0.000 {method 'encode' of 'str' objects}
        2    0.000    0.000    0.000    0.000 {built-in method posix.putenv}
        1    0.000    0.000    0.000    0.000 pathlib.py:390(_NormalAccessor)
        2    0.000    0.000    0.000    0.000 {built-in method posix.unsetenv}
       10    0.000    0.000    0.000    0.000 _pytesttester.py:72(__init__)
        1    0.000    0.000    0.000    0.000 decoder.py:284(__init__)
        1    0.000    0.000    0.000    0.000 decoder.py:254(JSONDecoder)
        7    0.000    0.000    0.000    0.000 typing.py:652(__eq__)
       17    0.000    0.000    0.000    0.000 enum.py:628(value)
        3    0.000    0.000    0.000    0.000 numeric.py:3054(__init__)
        1    0.000    0.000    0.000    0.000 __init__.py:1684(LoggerAdapter)
        5    0.000    0.000    0.000    0.000 {method 'remove' of 'list' objects}
       12    0.000    0.000    0.000    0.000 {built-in method sys.intern}
        1    0.000    0.000    0.000    0.000 runner.py:29(TextTestResult)
        1    0.000    0.000    0.000    0.000 {built-in method numpy.copyto}
        1    0.000    0.000    0.000    0.000 {built-in method numpy.empty}
       14    0.000    0.000    0.000    0.000 {built-in method numpy.geterrobj}
        1    0.000    0.000    0.000    0.000 datetime.py:1162(time)
        1    0.000    0.000    0.000    0.000 threading.py:216(__init__)
        1    0.000    0.000    0.000    0.000 threading.py:358(notify_all)
        7    0.000    0.000    0.000    0.000 enum.py:360(__members__)
        1    0.000    0.000    0.000    0.000 midifiles.py:296(MidiFile)
        1    0.000    0.000    0.000    0.000 selectors.py:80(BaseSelector)
        1    0.000    0.000    0.000    0.000 getlimits.py:444(iinfo)
        1    0.000    0.000    0.000    0.000 __init__.py:1326(Logger)
        1    0.000    0.000    0.000    0.000 __init__.py:1673(__init__)
        7    0.000    0.000    0.000    0.000 {method 'setter' of 'property' objects}
        8    0.000    0.000    0.000    0.000 {method 'insert' of 'list' objects}
        1    0.000    0.000    0.000    0.000 {built-in method posix.close}
        2    0.000    0.000    0.000    0.000 getlimits.py:522(max)
       16    0.000    0.000    0.000    0.000 _dtype.py:36(_kind_name)
        1    0.000    0.000    0.000    0.000 numeric.py:3069(_setdef)
       18    0.000    0.000    0.000    0.000 <frozen importlib._bootstrap>:765(is_package)
       17    0.000    0.000    0.000    0.000 {method 'values' of 'dict' objects}
        2    0.000    0.000    0.000    0.000 core.py:6347(__setattr__)
        8    0.000    0.000    0.000    0.000 getlimits.py:92(_register_type)
        1    0.000    0.000    0.000    0.000 utils.py:162(Lock)
        1    0.000    0.000    0.000    0.000 _compression.py:9(BaseStream)
        1    0.000    0.000    0.000    0.000 lzma.py:38(LZMAFile)
        1    0.000    0.000    0.000    0.000 __init__.py:842(createLock)
       15    0.000    0.000    0.000    0.000 {method 'discard' of 'set' objects}
        4    0.000    0.000    0.000    0.000 {built-in method posix.register_at_fork}
        2    0.000    0.000    0.000    0.000 meta.py:31(<dictcomp>)
        1    0.000    0.000    0.000    0.000 core.py:2378(_MaskedPrintOption)
        2    0.000    0.000    0.000    0.000 helper.py:253(__init__)
        4    0.000    0.000    0.000    0.000 mixins.py:55(_unary_method)
        1    0.000    0.000    0.000    0.000 info.py:34(<module>)
        1    0.000    0.000    0.000    0.000 index_tricks.py:109(nd_grid)
        1    0.000    0.000    0.000    0.000 _internal.py:288(_ctypes)
        1    0.000    0.000    0.000    0.000 datetime.py:1092(tzinfo)
        1    0.000    0.000    0.000    0.000 typing.py:483(TypeVar)
        1    0.000    0.000    0.000    0.000 __init__.py:804(Handler)
        1    0.000    0.000    0.000    0.000 threading.py:894(_set_tstate_lock)
        2    0.000    0.000    0.000    0.000 _weakrefset.py:36(__init__)
        4    0.000    0.000    0.000    0.000 posixpath.py:41(_get_sep)
        8    0.000    0.000    0.000    0.000 {method 'mro' of 'type' objects}
       17    0.000    0.000    0.000    0.000 compat.py:30(u)
        1    0.000    0.000    0.000    0.000 backend.py:8(Backend)
        1    0.000    0.000    0.000    0.000 extras.py:1489(__init__)
        1    0.000    0.000    0.000    0.000 core.py:1328(make_mask_descr)
        1    0.000    0.000    0.000    0.000 info.py:184(<module>)
        1    0.000    0.000    0.000    0.000 _iotools.py:270(NameValidator)
        1    0.000    0.000    0.000    0.000 info.py:156(<module>)
        1    0.000    0.000    0.000    0.000 _internal.py:899(recursive)
        1    0.000    0.000    0.000    0.000 __init__.py:419(LibraryLoader)
        1    0.000    0.000    0.000    0.000 info.py:83(<module>)
       10    0.000    0.000    0.000    0.000 __future__.py:81(__init__)
        4    0.000    0.000    0.000    0.000 __init__.py:187(_checkLevel)
        3    0.000    0.000    0.000    0.000 __init__.py:221(_releaseLock)
        1    0.000    0.000    0.000    0.000 re.py:252(escape)
        5    0.000    0.000    0.000    0.000 {method 'rfind' of 'str' objects}
       14    0.000    0.000    0.000    0.000 {method 'bit_length' of 'int' objects}
        7    0.000    0.000    0.000    0.000 {built-in method builtins.vars}
        1    0.000    0.000    0.000    0.000 tracks.py:4(MidiTrack)
        1    0.000    0.000    0.000    0.000 messages.py:10(BaseMessage)
        1    0.000    0.000    0.000    0.000 decode.py:25(_make_special_cases)
        1    0.000    0.000    0.000    0.000 ports.py:309(BaseIOPort)
        1    0.000    0.000    0.000    0.000 _type_aliases.py:63(<setcomp>)
        1    0.000    0.000    0.000    0.000 _internal.py:216(_getintp_ctype)
        4    0.000    0.000    0.000    0.000 __init__.py:727(__init__)
        1    0.000    0.000    0.000    0.000 threading.py:335(notify)
        1    0.000    0.000    0.000    0.000 weakref.py:356(__init__)
        1    0.000    0.000    0.000    0.000 {built-in method math.exp}
        9    0.000    0.000    0.000    0.000 {method 'getrandbits' of '_random.Random' objects}
       15    0.000    0.000    0.000    0.000 {built-in method builtins.id}
        1    0.000    0.000    0.000    0.000 compat.py:43(fromhex)
        1    0.000    0.000    0.000    0.000 messages.py:102(SysexData)
        1    0.000    0.000    0.000    0.000 argparse.py:1008(_CountAction)
        1    0.000    0.000    0.000    0.000 core.py:1314(_replace_dtype_fields)
        1    0.000    0.000    0.000    0.000 {method 'view' of 'numpy.generic' objects}
        1    0.000    0.000    0.000    0.000 typing.py:435(ForwardRef)
        1    0.000    0.000    0.000    0.000 {built-in method _hashlib.openssl_md5}
        1    0.000    0.000    0.000    0.000 __init__.py:513(__init__)
        1    0.000    0.000    0.000    0.000 copyreg.py:12(pickle)
        1    0.000    0.000    0.000    0.000 posixpath.py:64(isabs)
        1    0.000    0.000    0.000    0.000 warnings.py:474(__enter__)
        1    0.000    0.000    0.000    0.000 {method 'find' of 'str' objects}
        1    0.000    0.000    0.000    0.000 encoderH.py:120(__init__)
       10    0.000    0.000    0.000    0.000 case.py:1333(_deprecate)
        3    0.000    0.000    0.000    0.000 index_tricks.py:310(__init__)
        1    0.000    0.000    0.000    0.000 index_tricks.py:515(__init__)
        1    0.000    0.000    0.000    0.000 {built-in method _ctypes.dlopen}
        1    0.000    0.000    0.000    0.000 numbers.py:267(Rational)
        2    0.000    0.000    0.000    0.000 tokenize.py:109(maybe)
        1    0.000    0.000    0.000    0.000 threading.py:567(Barrier)
        2    0.000    0.000    0.000    0.000 _weakrefset.py:81(add)
       10    0.000    0.000    0.000    0.000 {method '__init_subclass__' of 'object' objects}
        1    0.000    0.000    0.000    0.000 socket.py:546(SocketIO)
        1    0.000    0.000    0.000    0.000 difflib.py:1707(HtmlDiff)
        6    0.000    0.000    0.000    0.000 core.py:844(__init__)
        3    0.000    0.000    0.000    0.000 datetime.py:41(_days_before_year)
        3    0.000    0.000    0.000    0.000 datetime.py:2156(_create)
        7    0.000    0.000    0.000    0.000 _inspect.py:144(<lambda>)
        9    0.000    0.000    0.000    0.000 _globals.py:77(__repr__)
        3    0.000    0.000    0.000    0.000 typing.py:314(__eq__)
        1    0.000    0.000    0.000    0.000 warnings.py:493(__exit__)
        9    0.000    0.000    0.000    0.000 {method 'keys' of 'dict' objects}
        3    0.000    0.000    0.000    0.000 {method 'acquire' of '_thread.lock' objects}
        1    0.000    0.000    0.000    0.000 {built-in method _struct.unpack}
        1    0.000    0.000    0.000    0.000 {built-in method builtins.all}
        1    0.000    0.000    0.000    0.000 messages.py:109(Message)
        1    0.000    0.000    0.000    0.000 py2.py:1(<module>)
        1    0.000    0.000    0.000    0.000 loader.py:77(__init__)
        1    0.000    0.000    0.000    0.000 difflib.py:43(SequenceMatcher)
        1    0.000    0.000    0.000    0.000 core.py:6059(mvoid)
        3    0.000    0.000    0.000    0.000 core.py:1361(getmask)
        1    0.000    0.000    0.000    0.000 npyio.py:122(NpzFile)
        2    0.000    0.000    0.000    0.000 utils.py:70(__init__)
        1    0.000    0.000    0.000    0.000 utils.py:994(SafeEval)
        1    0.000    0.000    0.000    0.000 index_tricks.py:300(AxisConcatenator)
        1    0.000    0.000    0.000    0.000 parse.py:348(_fix_result_transcoding)
        1    0.000    0.000    0.000    0.000 _globals.py:67(__new__)
        1    0.000    0.000    0.000    0.000 parse.py:142(_NetlocResultMixinBase)
        6    0.000    0.000    0.000    0.000 typing.py:173(<listcomp>)
        5    0.000    0.000    0.000    0.000 typing.py:276(__init_subclass__)
        1    0.000    0.000    0.000    0.000 __init__.py:22(frozenbitarray)
        1    0.000    0.000    0.000    0.000 __init__.py:468(Formatter)
        1    0.000    0.000    0.000    0.000 tokenize.py:108(any)
        9    0.000    0.000    0.000    0.000 enum.py:901(<lambda>)
        1    0.000    0.000    0.000    0.000 weakref.py:290(update)
        1    0.000    0.000    0.000    0.000 {method 'union' of 'set' objects}
        3    0.000    0.000    0.000    0.000 {built-in method posix.getpid}
        3    0.000    0.000    0.000    0.000 {method 'acquire' of '_thread.RLock' objects}
        1    0.000    0.000    0.000    0.000 encoder.py:112(__init__)
        1    0.000    0.000    0.000    0.000 utils.py:1965(suppress_warnings)
        1    0.000    0.000    0.000    0.000 ports.py:66(BasePort)
        1    0.000    0.000    0.000    0.000 argparse.py:1248(_ActionsContainer)
        6    0.000    0.000    0.000    0.000 case.py:430(addTypeEqualityFunc)
        4    0.000    0.000    0.000    0.000 core.py:3349(dtype)
        1    0.000    0.000    0.000    0.000 arrayterator.py:20(Arrayterator)
        1    0.000    0.000    0.000    0.000 _datasource.py:269(DataSource)
        1    0.000    0.000    0.000    0.000 index_tricks.py:251(__init__)
        1    0.000    0.000    0.000    0.000 __init__.py:311(CDLL)
        1    0.000    0.000    0.000    0.000 typing.py:1316(SupportsRound)
        1    0.000    0.000    0.000    0.000 utils.py:295(RLock)
        1    0.000    0.000    0.000    0.000 pathlib.py:135(<setcomp>)
        1    0.000    0.000    0.000    0.000 tempfile.py:914(TemporaryDirectory)
        1    0.000    0.000    0.000    0.000 _compression.py:33(DecompressReader)
        1    0.000    0.000    0.000    0.000 __init__.py:246(_register_at_fork_acquire_release)
        2    0.000    0.000    0.000    0.000 __init__.py:1169(__init__)
        1    0.000    0.000    0.000    0.000 traceback.py:227(FrameSummary)
        1    0.000    0.000    0.000    0.000 traceback.py:437(TracebackException)
        1    0.000    0.000    0.000    0.000 threading.py:240(__enter__)
        1    0.000    0.000    0.000    0.000 tempfile.py:271(_RandomNameSequence)
        1    0.000    0.000    0.000    0.000 posixpath.py:52(normcase)
        1    0.000    0.000    0.000    0.000 encoderH.py:90(HjsonEncoder)
        1    0.000    0.000    0.000    0.000 sockets.py:21(PortServer)
        1    0.000    0.000    0.000    0.000 selectors.py:206(_BaseSelectorImpl)
        1    0.000    0.000    0.000    0.000 selectors.py:341(_PollLikeSelector)
        1    0.000    0.000    0.000    0.000 ports.py:147(BaseInput)
        1    0.000    0.000    0.000    0.000 parser.py:12(Parser)
        1    0.000    0.000    0.000    0.000 case.py:1355(FunctionTestCase)
        3    0.000    0.000    0.000    0.000 core.py:804(__init__)
        1    0.000    0.000    0.000    0.000 _version.py:18(NumpyVersion)
        6    0.000    0.000    0.000    0.000 _type_aliases.py:113(<genexpr>)
        1    0.000    0.000    0.000    0.000 _internal.py:204(dummy_ctype)
        1    0.000    0.000    0.000    0.000 _internal.py:248(_unsafe_first_element_pointer)
        1    0.000    0.000    0.000    0.000 _internal.py:559(_Stream)
        3    0.000    0.000    0.000    0.000 __init__.py:99(CFunctionType)
        3    0.000    0.000    0.000    0.000 __init__.py:482(CFunctionType)
        5    0.000    0.000    0.000    0.000 datetime.py:46(_days_in_month)
        5    0.000    0.000    0.000    0.000 datetime.py:426(_check_tzinfo_arg)
        5    0.000    0.000    0.000    0.000 _inspect.py:145(<lambda>)
        1    0.000    0.000    0.000    0.000 encoder.py:104(__init__)
        1    0.000    0.000    0.000    0.000 encoder.py:73(JSONEncoder)
        1    0.000    0.000    0.000    0.000 typing.py:1276(SupportsInt)
        1    0.000    0.000    0.000    0.000 typing.py:1292(SupportsComplex)
        1    0.000    0.000    0.000    0.000 typing.py:1300(SupportsBytes)
        1    0.000    0.000    0.000    0.000 typing.py:1308(SupportsAbs)
        5    0.000    0.000    0.000    0.000 typing.py:310(__init__)
        1    0.000    0.000    0.000    0.000 __init__.py:1205(Manager)
        1    0.000    0.000    0.000    0.000 traceback.py:315(StackSummary)
        1    0.000    0.000    0.000    0.000 string.py:175(Formatter)
        1    0.000    0.000    0.000    0.000 threading.py:243(__exit__)
        4    0.000    0.000    0.000    0.000 {built-in method _sre.ascii_iscased}
        7    0.000    0.000    0.000    0.000 {built-in method _warnings._filters_mutated}
        2    0.000    0.000    0.000    0.000 __about__.py:1(<module>)
        1    0.000    0.000    0.000    0.000 decoder.py:295(make_scanner)
        1    0.000    0.000    0.000    0.000 decoder.py:429(HjsonDecoder)
        1    0.000    0.000    0.000    0.000 encoder.py:80(JSONEncoder)
        1    0.000    0.000    0.000    0.000 selectors.py:442(EpollSelector)
        1    0.000    0.000    0.000    0.000 ports.py:250(BaseOutput)
        1    0.000    0.000    0.000    0.000 suite.py:16(BaseTestSuite)
        1    0.000    0.000    0.000    0.000 case.py:1413(_SubTest)
        1    0.000    0.000    0.000    0.000 core.py:2596(MaskedIterator)
        1    0.000    0.000    0.000    0.000 core.py:6439(_extrema_operation)
        1    0.000    0.000    0.000    0.000 core.py:7994(_convert2ma)
        1    0.000    0.000    0.000    0.000 extras.py:1443(MAxisConcatenator)
        1    0.000    0.000    0.000    0.000 ctypeslib.py:208(_concrete_ndptr)
        1    0.000    0.000    0.000    0.000 core.py:203(<listcomp>)
        1    0.000    0.000    0.000    0.000 _datasource.py:166(__init__)
        1    0.000    0.000    0.000    0.000 function_base.py:1878(vectorize)
        1    0.000    0.000    0.000    0.000 index_tricks.py:294(__init__)
        1    0.000    0.000    0.000    0.000 index_tricks.py:545(__init__)
        1    0.000    0.000    0.000    0.000 records.py:220(record)
        1    0.000    0.000    0.000    0.000 records.py:305(recarray)
        1    0.000    0.000    0.000    0.000 memmap.py:24(memmap)
        1    0.000    0.000    0.000    0.000 pickle.py:184(_Framer)
        2    0.000    0.000    0.000    0.000 {built-in method numpy.core._multiarray_umath.set_string_function}
        1    0.000    0.000    0.000    0.000 typing.py:1284(SupportsFloat)
        2    0.000    0.000    0.000    0.000 pathlib.py:59(__init__)
        1    0.000    0.000    0.000    0.000 pathlib.py:576(_PathParents)
        1    0.000    0.000    0.000    0.000 {built-in method _hashlib.openssl_sha1}
        1    0.000    0.000    0.000    0.000 {built-in method _hashlib.openssl_sha224}
        1    0.000    0.000    0.000    0.000 {built-in method _hashlib.openssl_sha256}
        1    0.000    0.000    0.000    0.000 {built-in method _hashlib.openssl_sha384}
        1    0.000    0.000    0.000    0.000 __init__.py:643(BufferingFormatter)
        1    0.000    0.000    0.000    0.000 __init__.py:991(StreamHandler)
        1    0.000    0.000    0.000    0.000 __init__.py:1210(__init__)
        1    0.000    0.000    0.000    0.000 tokenize.py:94(TokenInfo)
        1    0.000    0.000    0.000    0.000 threading.py:88(_RLock)
        1    0.000    0.000    0.000    0.000 threading.py:255(_is_owned)
        1    0.000    0.000    0.000    0.000 threading.py:204(Condition)
        1    0.000    0.000    0.000    0.000 tempfile.py:553(_TemporaryFileCloser)
        1    0.000    0.000    0.000    0.000 warnings.py:453(__init__)
        1    0.000    0.000    0.000    0.000 {built-in method time.time}
        2    0.000    0.000    0.000    0.000 {built-in method math.log}
        3    0.000    0.000    0.000    0.000 {method 'release' of '_thread.RLock' objects}
        4    0.000    0.000    0.000    0.000 {built-in method _sre.ascii_tolower}
        1    0.000    0.000    0.000    0.000 <string>:1(__new__)
        1    0.000    0.000    0.000    0.000 __init__.py:57(_import_OrderedDict)
        1    0.000    0.000    0.000    0.000 tokenizer.py:7(Tokenizer)
        1    0.000    0.000    0.000    0.000 sockets.py:76(SocketPort)
        1    0.000    0.000    0.000    0.000 selectors.py:60(_SelectorMapping)
        1    0.000    0.000    0.000    0.000 selectors.py:433(PollSelector)
        1    0.000    0.000    0.000    0.000 meta.py:171(MetaSpec_sequence_number)
        1    0.000    0.000    0.000    0.000 meta.py:305(MetaSpec_smpte_offset)
        1    0.000    0.000    0.000    0.000 meta.py:465(MetaMessage)
        1    0.000    0.000    0.000    0.000 utils.py:1899(clear_and_catch_warnings)
        1    0.000    0.000    0.000    0.000 nosetester.py:115(NoseTester)
        1    0.000    0.000    0.000    0.000 ports.py:319(IOPort)
        1    0.000    0.000    0.000    0.000 ports.py:350(EchoPort)
        1    0.000    0.000    0.000    0.000 suite.py:92(TestSuite)
        1    0.000    0.000    0.000    0.000 suite.py:270(_ErrorHolder)
        1    0.000    0.000    0.000    0.000 loader.py:23(_FailedTest)
        1    0.000    0.000    0.000    0.000 argparse.py:1555(_ArgumentGroup)
        1    0.000    0.000    0.000    0.000 runner.py:120(TextTestRunner)
        1    0.000    0.000    0.000    0.000 case.py:184(_AssertRaisesContext)
        1    0.000    0.000    0.000    0.000 case.py:221(_AssertWarnsContext)
        2    0.000    0.000    0.000    0.000 core.py:3365(shape)
        4    0.000    0.000    0.000    0.000 core.py:6259(__has_singleton)
        1    0.000    0.000    0.000    0.000 core.py:6556(_frommethod)
        3    0.000    0.000    0.000    0.000 core.py:865(__init__)
        1    0.000    0.000    0.000    0.000 core.py:975(_MaskedBinaryOperation)
        1    0.000    0.000    0.000    0.000 core.py:1282(_replace_dtype_fields_recursive)
        1    0.000    0.000    0.000    0.000 helper.py:232(_FFTCache)
        1    0.000    0.000    0.000    0.000 npyio.py:58(BagObj)
        1    0.000    0.000    0.000    0.000 _datasource.py:627(Repository)
        2    0.000    0.000    0.000    0.000 utils.py:53(_set_function_name)
        1    0.000    0.000    0.000    0.000 getlimits.py:293(finfo)
        1    0.000    0.000    0.000    0.000 index_tricks.py:552(ndenumerate)
        1    0.000    0.000    0.000    0.000 index_tricks.py:603(ndindex)
        1    0.000    0.000    0.000    0.000 arrayprint.py:1275(StructuredVoidFormat)
        1    0.000    0.000    0.000    0.000 records.py:87(format_parser)
        1    0.000    0.000    0.000    0.000 machar.py:18(MachAr)
        1    0.000    0.000    0.000    0.000 pickle.py:247(_Unframer)
        1    0.000    0.000    0.000    0.000 numeric.py:2995(errstate)
        1    0.000    0.000    0.000    0.000 __init__.py:379(PyDLL)
        2    0.000    0.000    0.000    0.000 __init__.py:420(__init__)
        1    0.000    0.000    0.000    0.000 parse.py:205(_NetlocResultMixinBytes)
        1    0.000    0.000    0.000    0.000 _globals.py:59(_NoValueType)
        1    0.000    0.000    0.000    0.000 typing.py:1088(_ProtocolMeta)
        1    0.000    0.000    0.000    0.000 pathlib.py:55(_Flavour)
        1    0.000    0.000    0.000    0.000 parse.py:175(_NetlocResultMixinStr)
        1    0.000    0.000    0.000    0.000 random.py:669(SystemRandom)
        1    0.000    0.000    0.000    0.000 {built-in method _hashlib.openssl_sha512}
        1    0.000    0.000    0.000    0.000 __future__.py:80(_Feature)
        1    0.000    0.000    0.000    0.000 __init__.py:420(PercentStyle)
        1    0.000    0.000    0.000    0.000 __init__.py:722(Filterer)
        1    0.000    0.000    0.000    0.000 __init__.py:1070(FileHandler)
        1    0.000    0.000    0.000    0.000 __init__.py:1139(_StderrHandler)
        1    0.000    0.000    0.000    0.000 __init__.py:2059(NullHandler)
        1    0.000    0.000    0.000    0.000 tokenize.py:217(Untokenizer)
        1    0.000    0.000    0.000    0.000 string.py:78(Template)
        1    0.000    0.000    0.000    0.000 threading.py:488(Event)
        1    0.000    0.000    0.000    0.000 __init__.py:15(ILock)
        1    0.000    0.000    0.000    0.000 tempfile.py:596(_TemporaryFileWrapper)
        1    0.000    0.000    0.000    0.000 sre_parse.py:288(seek)
        1    0.000    0.000    0.000    0.000 os.py:1076(__subclasshook__)
        1    0.000    0.000    0.000    0.000 {method 'write' of '_io.BufferedWriter' objects}
        3    0.000    0.000    0.000    0.000 {built-in method builtins.callable}
        1    0.000    0.000    0.000    0.000 units.py:1(<module>)
        1    0.000    0.000    0.000    0.000 meta.py:191(MetaSpec_text)
        1    0.000    0.000    0.000    0.000 meta.py:242(MetaSpec_channel_prefix)
        1    0.000    0.000    0.000    0.000 meta.py:277(MetaSpec_end_of_track)
        1    0.000    0.000    0.000    0.000 meta.py:289(MetaSpec_set_tempo)
        1    0.000    0.000    0.000    0.000 meta.py:348(MetaSpec_time_signature)
        1    0.000    0.000    0.000    0.000 meta.py:384(MetaSpec_key_signature)
        1    0.000    0.000    0.000    0.000 meta.py:412(MetaSpec_sequencer_specific)
        1    0.000    0.000    0.000    0.000 meta.py:542(UnknownMetaMessage)
        1    0.000    0.000    0.000    0.000 ports.py:58(DummyLock)
        1    0.000    0.000    0.000    0.000 argparse.py:114(_AttributeHolder)
        1    0.000    0.000    0.000    0.000 argparse.py:760(Action)
        1    0.000    0.000    0.000    0.000 argparse.py:943(_AppendAction)
        1    0.000    0.000    0.000    0.000 argparse.py:1050(_VersionAction)
        1    0.000    0.000    0.000    0.000 argparse.py:1174(FileType)
        1    0.000    0.000    0.000    0.000 argparse.py:1228(Namespace)
        1    0.000    0.000    0.000    0.000 runner.py:13(_WritelnDecorator)
        1    0.000    0.000    0.000    0.000 case.py:128(_BaseTestCaseContext)
        1    0.000    0.000    0.000    0.000 case.py:137(_AssertRaisesBaseContext)
        1    0.000    0.000    0.000    0.000 case.py:278(_CapturingHandler)
        1    0.000    0.000    0.000    0.000 case.py:297(_AssertLogsContext)
        1    0.000    0.000    0.000    0.000 pprint.py:72(_safe_key)
        1    0.000    0.000    0.000    0.000 ctypeslib.py:187(_ndptr)
        1    0.000    0.000    0.000    0.000 core.py:205(<listcomp>)
        2    0.000    0.000    0.000    0.000 core.py:881(__init__)
        1    0.000    0.000    0.000    0.000 core.py:901(_MaskedUnaryOperation)
        1    0.000    0.000    0.000    0.000 core.py:1123(_DomainedBinaryOperation)
        1    0.000    0.000    0.000    0.000 core.py:2384(__init__)
        1    0.000    0.000    0.000    0.000 _datasource.py:142(_FileOpeners)
        1    0.000    0.000    0.000    0.000 _iotools.py:170(LineSplitter)
        2    0.000    0.000    0.000    0.000 index_tricks.py:144(__init__)
        1    0.000    0.000    0.000    0.000 index_tricks.py:209(MGridClass)
        2    0.000    0.000    0.000    0.000 index_tricks.py:726(__init__)
        1    0.000    0.000    0.000    0.000 arrayprint.py:832(FloatingFormat)
        1    0.000    0.000    0.000    0.000 arrayprint.py:1228(DatetimeFormat)
        1    0.000    0.000    0.000    0.000 numeric.py:2653(<dictcomp>)
        1    0.000    0.000    0.000    0.000 __init__.py:151(py_object)
        1    0.000    0.000    0.000    0.000 __init__.py:350(_FuncPtr)
        1    0.000    0.000    0.000    0.000 parse.py:760(Quoter)
        1    0.000    0.000    0.000    0.000 decoder.py:20(JSONDecodeError)
        1    0.000    0.000    0.000    0.000 version.py:5(<module>)
        2    0.000    0.000    0.000    0.000 typing.py:827(<genexpr>)
        1    0.000    0.000    0.000    0.000 typing.py:1589(io)
        1    0.000    0.000    0.000    0.000 typing.py:1604(re)
        1    0.000    0.000    0.000    0.000 utils.py:332(TemporaryFileLock)
        1    0.000    0.000    0.000    0.000 pathlib.py:533(_RecursiveWildcardSelector)
        1    0.000    0.000    0.000    0.000 pathlib.py:963(PurePosixPath)
        1    0.000    0.000    0.000    0.000 parse.py:126(_ResultMixinStr)
        1    0.000    0.000    0.000    0.000 __init__.py:281(LogRecord)
        1    0.000    0.000    0.000    0.000 __init__.py:426(__init__)
        1    0.000    0.000    0.000    0.000 __init__.py:435(StrFormatStyle)
        1    0.000    0.000    0.000    0.000 __init__.py:444(StringTemplateStyle)
        1    0.000    0.000    0.000    0.000 __init__.py:685(Filter)
        1    0.000    0.000    0.000    0.000 __init__.py:1163(PlaceHolder)
        2    0.000    0.000    0.000    0.000 threading.py:75(RLock)
        1    0.000    0.000    0.000    0.000 threading.py:370(Semaphore)
        1    0.000    0.000    0.000    0.000 threading.py:891(_set_ident)
        1    0.000    0.000    0.000    0.000 threading.py:1142(Timer)
        1    0.000    0.000    0.000    0.000 {method 'index' of 'tuple' objects}
        1    0.000    0.000    0.000    0.000 {built-in method fromhex}
        1    0.000    0.000    0.000    0.000 {built-in method _thread._set_sentinel}
        1    0.000    0.000    0.000    0.000 {built-in method atexit.register}
        1    0.000    0.000    0.000    0.000 midifiles.py:49(DebugFileWrapper)
        1    0.000    0.000    0.000    0.000 <string>:1(<module>)
        1    0.000    0.000    0.000    0.000 scanner.py:7(HjsonDecodeError)
        1    0.000    0.000    0.000    0.000 socket.py:130(_GiveupOnSendfile)
        1    0.000    0.000    0.000    0.000 meta.py:24(KeySignatureError)
        1    0.000    0.000    0.000    0.000 meta.py:210(MetaSpec_track_name)
        1    0.000    0.000    0.000    0.000 meta.py:257(MetaSpec_midi_port)
        1    0.000    0.000    0.000    0.000 utils.py:1253(_Dummy)
        1    0.000    0.000    0.000    0.000 utils.py:1857(IgnoreException)
        1    0.000    0.000    0.000    0.000 decorators.py:99(skipif)
        1    0.000    0.000    0.000    0.000 ports.py:357(MultiPort)
        1    0.000    0.000    0.000    0.000 suite.py:317(_DebugResult)
        1    0.000    0.000    0.000    0.000 argparse.py:211(_Section)
        1    0.000    0.000    0.000    0.000 argparse.py:659(RawDescriptionHelpFormatter)
        1    0.000    0.000    0.000    0.000 argparse.py:670(RawTextHelpFormatter)
        1    0.000    0.000    0.000    0.000 argparse.py:698(MetavarTypeHelpFormatter)
        1    0.000    0.000    0.000    0.000 argparse.py:731(ArgumentError)
        1    0.000    0.000    0.000    0.000 argparse.py:851(_StoreAction)
        1    0.000    0.000    0.000    0.000 argparse.py:886(_StoreConstAction)
        1    0.000    0.000    0.000    0.000 argparse.py:909(_StoreTrueAction)
        1    0.000    0.000    0.000    0.000 argparse.py:926(_StoreFalseAction)
        1    0.000    0.000    0.000    0.000 argparse.py:981(_AppendConstAction)
        1    0.000    0.000    0.000    0.000 argparse.py:1031(_HelpAction)
        1    0.000    0.000    0.000    0.000 argparse.py:1078(_ChoicesPseudoAction)
        1    0.000    0.000    0.000    0.000 argparse.py:1589(_MutuallyExclusiveGroup)
        1    0.000    0.000    0.000    0.000 signals.py:9(_InterruptHandler)
        1    0.000    0.000    0.000    0.000 case.py:25(SkipTest)
        1    0.000    0.000    0.000    0.000 case.py:341(_OrderedChainMap)
        1    0.000    0.000    0.000    0.000 extras.py:218(_fromnxfunction)
        1    0.000    0.000    0.000    0.000 extras.py:273(_fromnxfunction_single)
        1    0.000    0.000    0.000    0.000 core.py:92(MaskedArrayFutureWarning)
        1    0.000    0.000    0.000    0.000 core.py:163(MAError)
        1    0.000    0.000    0.000    0.000 core.py:795(_DomainCheckInterval)
        1    0.000    0.000    0.000    0.000 core.py:828(__init__)
        1    0.000    0.000    0.000    0.000 core.py:820(_DomainTan)
        1    0.000    0.000    0.000    0.000 core.py:838(_DomainSafeDivide)
        1    0.000    0.000    0.000    0.000 core.py:859(_DomainGreater)
        1    0.000    0.000    0.000    0.000 core.py:875(_DomainGreaterEqual)
        1    0.000    0.000    0.000    0.000 core.py:891(_MaskedUFunc)
        1    0.000    0.000    0.000    0.000 polyutils.py:79(PolyBase)
        1    0.000    0.000    0.000    0.000 stride_tricks.py:16(DummyArray)
        1    0.000    0.000    0.000    0.000 ast.py:238(NodeVisitor)
        1    0.000    0.000    0.000    0.000 ast.py:275(NodeTransformer)
        1    0.000    0.000    0.000    0.000 linalg.py:52(LinAlgError)
        1    0.000    0.000    0.000    0.000 utils.py:58(_Deprecate)
        1    0.000    0.000    0.000    0.000 _pytesttester.py:47(PytestTester)
        1    0.000    0.000    0.000    0.000 index_tricks.py:256(OGridClass)
        1    0.000    0.000    0.000    0.000 index_tricks.py:420(RClass)
        1    0.000    0.000    0.000    0.000 index_tricks.py:682(IndexExpression)
        2    0.000    0.000    0.000    0.000 arrayprint.py:450(_recursive_guard)
        1    0.000    0.000    0.000    0.000 arrayprint.py:975(FloatFormat)
        1    0.000    0.000    0.000    0.000 arrayprint.py:982(LongFloatFormat)
        1    0.000    0.000    0.000    0.000 arrayprint.py:1135(IntegerFormat)
        1    0.000    0.000    0.000    0.000 arrayprint.py:1148(BoolFormat)
        1    0.000    0.000    0.000    0.000 arrayprint.py:1158(ComplexFloatingFormat)
        1    0.000    0.000    0.000    0.000 arrayprint.py:1187(ComplexFormat)
        1    0.000    0.000    0.000    0.000 arrayprint.py:1194(LongComplexFormat)
        1    0.000    0.000    0.000    0.000 arrayprint.py:1202(_TimelikeFormat)
        1    0.000    0.000    0.000    0.000 arrayprint.py:1260(TimedeltaFormat)
        1    0.000    0.000    0.000    0.000 arrayprint.py:1265(SubArrayFormat)
        1    0.000    0.000    0.000    0.000 arrayprint.py:1312(StructureFormat)
        1    0.000    0.000    0.000    0.000 _endian.py:23(_swapped_meta)
        1    0.000    0.000    0.000    0.000 _endian.py:46(BigEndianStructure)
        1    0.000    0.000    0.000    0.000 pickle.py:64(PickleError)
        1    0.000    0.000    0.000    0.000 pickle.py:68(PicklingError)
        1    0.000    0.000    0.000    0.000 pickle.py:75(UnpicklingError)
        1    0.000    0.000    0.000    0.000 pickle.py:88(_Stop)
        1    0.000    0.000    0.000    0.000 py3k.py:104(contextlib_nullcontext)
        1    0.000    0.000    0.000    0.000 numerictypes.py:429(_typedict)
        1    0.000    0.000    0.000    0.000 numbers.py:12(Number)
        1    0.000    0.000    0.000    0.000 _type_aliases.py:36(TypeNADict)
        1    0.000    0.000    0.000    0.000 numeric.py:96(ComplexWarning)
        1    0.000    0.000    0.000    0.000 _internal.py:243(c_void_p)
        1    0.000    0.000    0.000    0.000 _internal.py:803(AxisError)
        1    0.000    0.000    0.000    0.000 __init__.py:164(c_ushort)
        1    0.000    0.000    0.000    0.000 __init__.py:172(c_ulong)
        1    0.000    0.000    0.000    0.000 __init__.py:189(c_float)
        1    0.000    0.000    0.000    0.000 __init__.py:197(c_longdouble)
        1    0.000    0.000    0.000    0.000 __init__.py:207(c_longlong)
        1    0.000    0.000    0.000    0.000 __init__.py:218(c_ubyte)
        1    0.000    0.000    0.000    0.000 __init__.py:230(c_char)
        1    0.000    0.000    0.000    0.000 __init__.py:241(c_void_p)
        1    0.000    0.000    0.000    0.000 __init__.py:251(c_wchar_p)
        1    0.000    0.000    0.000    0.000 __init__.py:256(c_wchar)
        1    0.000    0.000    0.000    0.000 {built-in method numpy.core._multiarray_umath.set_typeDict}
        1    0.000    0.000    0.000    0.000 parse.py:318(SplitResult)
        1    0.000    0.000    0.000    0.000 parse.py:323(ParseResult)
        1    0.000    0.000    0.000    0.000 parse.py:337(SplitResultBytes)
        1    0.000    0.000    0.000    0.000 _globals.py:32(ModuleDeprecationWarning)
        1    0.000    0.000    0.000    0.000 typing.py:1156(_Protocol)
        1    0.000    0.000    0.000    0.000 typing.py:1346(NamedTupleMeta)
        1    0.000    0.000    0.000    0.000 typing.py:1377(NamedTuple)
        1    0.000    0.000    0.000    0.000 pathlib.py:463(_Selector)
        1    0.000    0.000    0.000    0.000 pathlib.py:494(_PreciseSelector)
        1    0.000    0.000    0.000    0.000 pathlib.py:510(_WildcardSelector)
        1    0.000    0.000    0.000    0.000 pathlib.py:973(PureWindowsPath)
        1    0.000    0.000    0.000    0.000 pathlib.py:1477(WindowsPath)
        1    0.000    0.000    0.000    0.000 parse.py:134(_ResultMixinBytes)
        1    0.000    0.000    0.000    0.000 shutil.py:55(Error)
        1    0.000    0.000    0.000    0.000 shutil.py:58(SameFileError)
        1    0.000    0.000    0.000    0.000 shutil.py:61(SpecialFileError)
        1    0.000    0.000    0.000    0.000 shutil.py:68(ReadError)
        1    0.000    0.000    0.000    0.000 shutil.py:71(RegistryError)
        1    0.000    0.000    0.000    0.000 exceptions.py:1(BaseLockException)
        1    0.000    0.000    0.000    0.000 typing.py:271(_Final)
        1    0.000    0.000    0.000    0.000 typing.py:280(_Immutable)
        1    0.000    0.000    0.000    0.000 __init__.py:1667(RootLogger)
        1    0.000    0.000    0.000    0.000 string.py:55(_TemplateMetaclass)
        1    0.000    0.000    0.000    0.000 threading.py:450(BoundedSemaphore)
        1    0.000    0.000    0.000    0.000 threading.py:1191(_DummyThread)
        1    0.000    0.000    0.000    0.000 __init__.py:11(ILockException)
        1    0.000    0.000    0.000    0.000 copyreg.py:22(constructor)
        1    0.000    0.000    0.000    0.000 {method 'lower' of 'str' objects}
        2    0.000    0.000    0.000    0.000 {method 'clear' of 'dict' objects}
        1    0.000    0.000    0.000    0.000 {built-in method math.sqrt}
        1    0.000    0.000    0.000    0.000 {method 'release' of '_thread.lock' objects}
        1    0.000    0.000    0.000    0.000 {method '__enter__' of '_thread.lock' objects}
        1    0.000    0.000    0.000    0.000 {method '__exit__' of '_thread.lock' objects}
        1    0.000    0.000    0.000    0.000 meta.py:165(MetaSpec)
        1    0.000    0.000    0.000    0.000 meta.py:206(MetaSpec_copyright)
        1    0.000    0.000    0.000    0.000 meta.py:222(MetaSpec_instrument_name)
        1    0.000    0.000    0.000    0.000 meta.py:226(MetaSpec_lyrics)
        1    0.000    0.000    0.000    0.000 meta.py:230(MetaSpec_marker)
        1    0.000    0.000    0.000    0.000 meta.py:234(MetaSpec_cue_marker)
        1    0.000    0.000    0.000    0.000 meta.py:238(MetaSpec_device_name)
        1    0.000    0.000    0.000    0.000 utils.py:45(KnownFailureException)
        1    0.000    0.000    0.000    0.000 argparse.py:681(ArgumentDefaultsHelpFormatter)
        1    0.000    0.000    0.000    0.000 argparse.py:751(ArgumentTypeError)
        1    0.000    0.000    0.000    0.000 case.py:33(_ShouldStop)
        1    0.000    0.000    0.000    0.000 case.py:38(_UnexpectedSuccess)
        1    0.000    0.000    0.000    0.000 extras.py:291(_fromnxfunction_seq)
        1    0.000    0.000    0.000    0.000 extras.py:304(_fromnxfunction_args)
        1    0.000    0.000    0.000    0.000 extras.py:329(_fromnxfunction_allargs)
        1    0.000    0.000    0.000    0.000 extras.py:1473(mr_class)
        1    0.000    0.000    0.000    0.000 core.py:171(MaskError)
        1    0.000    0.000    0.000    0.000 polyutils.py:58(RankWarning)
        1    0.000    0.000    0.000    0.000 polyutils.py:62(PolyError)
        1    0.000    0.000    0.000    0.000 polyutils.py:66(PolyDomainError)
        1    0.000    0.000    0.000    0.000 polynomial.py:30(RankWarning)
        1    0.000    0.000    0.000    0.000 _iotools.py:464(ConverterError)
        1    0.000    0.000    0.000    0.000 _iotools.py:472(ConverterLockError)
        1    0.000    0.000    0.000    0.000 _iotools.py:480(ConversionWarning)
        1    0.000    0.000    0.000    0.000 index_tricks.py:520(CClass)
        1    0.000    0.000    0.000    0.000 getlimits.py:34(MachArLike)
        1    0.000    0.000    0.000    0.000 numeric.py:2988(_unspecified)
        1    0.000    0.000    0.000    0.000 _internal.py:799(TooHardError)
        1    0.000    0.000    0.000    0.000 __init__.py:160(c_short)
        1    0.000    0.000    0.000    0.000 __init__.py:168(c_long)
        1    0.000    0.000    0.000    0.000 __init__.py:193(c_double)
        1    0.000    0.000    0.000    0.000 __init__.py:211(c_ulonglong)
        1    0.000    0.000    0.000    0.000 __init__.py:225(c_byte)
        1    0.000    0.000    0.000    0.000 __init__.py:235(c_char_p)Traceback (most recent call last):
  File "/usr/lib/python3.7/runpy.py", line 193, in _run_module_as_main
    "__main__", mod_spec)
  File "/usr/lib/python3.7/runpy.py", line 85, in _run_code
    exec(code, run_globals)
  File "/usr/lib/python3.7/cProfile.py", line 173, in <module>
    main()
  File "/usr/lib/python3.7/cProfile.py", line 166, in main
    runctx(code, globs, None, options.outfile, options.sort)
  File "/usr/lib/python3.7/cProfile.py", line 20, in runctx
    filename, sort)
  File "/usr/lib/python3.7/profile.py", line 62, in runctx
    prof.runctx(statement, globals, locals)
  File "/usr/lib/python3.7/cProfile.py", line 100, in runctx
    exec(cmd, globals, locals)
  File "patch.py", line 19, in <module>
    import dt01
  File "/home/pi/dt01_gui/dt01.py", line 260
    elif type(payload) == np.ndarray
                                   ^
SyntaxError: invalid syntax

        1    0.000    0.000    0.000    0.000 __init__.py:246(c_bool)
        1    0.000    0.000    0.000    0.000 parse.py:310(DefragResult)
        1    0.000    0.000    0.000    0.000 parse.py:329(DefragResultBytes)
        1    0.000    0.000    0.000    0.000 parse.py:342(ParseResultBytes)
        1    0.000    0.000    0.000    0.000 _globals.py:46(VisibleDeprecationWarning)
        1    0.000    0.000    0.000    0.000 _distributor_init.py:10(<module>)
        1    0.000    0.000    0.000    0.000 typing.py:879(_TypingEmpty)
        1    0.000    0.000    0.000    0.000 typing.py:886(_TypingEllipsis)
        1    0.000    0.000    0.000    0.000 pathlib.py:385(_Accessor)
        1    0.000    0.000    0.000    0.000 pathlib.py:488(_TerminatingSelector)
        1    0.000    0.000    0.000    0.000 pathlib.py:1470(PosixPath)
        1    0.000    0.000    0.000    0.000 shutil.py:65(ExecError)
        1    0.000    0.000    0.000    0.000 exceptions.py:10(LockException)
        1    0.000    0.000    0.000    0.000 exceptions.py:14(AlreadyLocked)
        1    0.000    0.000    0.000    0.000 exceptions.py:18(FileToLarge)
        1    0.000    0.000    0.000    0.000 tokenize.py:212(TokenError)
        1    0.000    0.000    0.000    0.000 tokenize.py:214(StopTokenizing)
        1    0.000    0.000    0.000    0.000 threading.py:721(BrokenBarrierError)
        1    0.000    0.000    0.000    0.000 threading.py:1172(_MainThread)
        1    0.000    0.000    0.000    0.000 {method 'disable' of '_lsprof.Profiler' objects}


